
          -------------------------------------------------------
          Amber 16 PMEMD                              2016
          -------------------------------------------------------

| PMEMD implementation of SANDER, Release 16

| Run on 04/18/2018 at 15:05:24

|   Executable path: /cm/shared/apps/amber16_cuda/bin/pmemd.cuda
| Working directory: /shared2/work/wesley/Piezo/piezo_anton/Anton_HMR_Testing/charmm-gui_ARFwaterbox/peptide_water_HMR_AMBER_to_Anton_Test/standard
|          Hostname: node005

  [-O]verwriting output

File Assignments:
|   MDIN: step4.4_equilibration.mdin                                            
|  MDOUT: step4.4_equilibration.out                                             
| INPCRD: step4.3_equilibration.rst7                                            
|   PARM: step2_charmm2amber.parm7                                              
| RESTRT: step4.4_equilibration.rst7                                            
|   REFC: step4.3_equilibration.rst7                                            
|  MDVEL: mdvel                                                                 
|   MDEN: mden                                                                  
|  MDCRD: step4.4_equilibration.nc                                              
| MDINFO: mdinfo                                                                
|  MDFRC: mdfrc                                                                 


 Here is the input file:

A NPT simulation for common production-level simulations                       
 &cntrl                                                                        
    imin=0,        ! No minimization                                           
    irest=1,       ! This IS a restart of an old MD simulation                 
    ntx=5,         ! So our inpcrd file has velocities                         
                                                                               
    ! Temperature control                                                      
    ntt=3,         ! Langevin dynamics                                         
    gamma_ln=1.0,  ! Friction coefficient (ps^-1)                              
    temp0=310.15,   ! Target temperature                                       
                                                                               
    ! Potential energy control                                                 
    cut=6.0,      ! Nonbonded cutoff, in Angstroms                             
    fswitch=5.0,  ! Force-based switching                                      
                                                                               
    ! MD settings                                                              
    nstlim=25000,  ! 25K steps, 25 ps total                                    
    dt=0.002,      ! time step (ps)                                            
                                                                               
    ! SHAKE                                                                    
    ntc=2,         ! Constrain bonds containing hydrogen                       
    ntf=2,         ! Do not calculate forces of bonds containing hydrogen      
                                                                               
    ! Control how often information is printed                                 
    ntpr=1000,     ! Print energies every 1000 steps                           
    ntwx=1000,     ! Print coordinates every 1000 steps to the trajectory      
    ntwr=10000,    ! Print a restart file every 10K steps (can be less frequent
!   ntwv=-1,       ! Uncomment to also print velocities to trajectory          
!   ntwf=-1,       ! Uncomment to also print forces to trajectory              
    ntxo=2,        ! Write NetCDF format                                       
    ioutfm=1,      ! Write NetCDF format (always do this!)                     
                                                                               
    ! Wrap coordinates when printing them to the same unit cell                
    iwrap=0,                                                                   
                                                                               
    ! Constant pressure control.                                               
    barostat=2,    ! MC barostat... change to 1 for Berendsen                  
    ntp=1,         ! 1=isotropic, 2=anisotropic, 3=semi-isotropic w/ surften   
    pres0=1.0,     ! Target external pressure, in bar                          
                                                                               
    ! Constant surface tension (needed for semi-isotropic scaling). Uncomment  
    ! for this feature. csurften must be nonzero if ntp=3 above                
    !csurften=3,    ! Interfaces in 1=yz plane, 2=xz plane, 3=xy plane         
    !gamma_ten=0.0, ! Surface tension (dyne/cm). 0 gives pure semi-iso scaling 
    !ninterface=2,  ! Number of interfaces (2 for bilayer)                     
                                                                               
    ! Restraint options                                                        
    !ntr=1,         ! Positional restraints for proteins, sugars, ligands, and 
    !nmropt=1,      ! Dihedral restraints for sugars and lipids                
                                                                               
    ! Set water atom/residue names for SETTLE recognition                      
    watnam='WAT',  ! Water residues are named WAT                              
    owtnm='O',     ! Water oxygens are named O                                 
 /                                                                             
                                                                               
 &ewald                                                                        
    vdwmeth = 0,                                                               
 /                                                                             
                                                                               


Note: ig = -1. Setting random seed to   425976 based on wallclock time in 
      microseconds.
 
|--------------------- INFORMATION ----------------------
| GPU (CUDA) Version of PMEMD in use: NVIDIA GPU IN USE.
|                    Version 16.0.0
| 
|                      02/25/2016
| 
| Implementation by:
|                    Ross C. Walker     (SDSC)
|                    Scott Le Grand     (nVIDIA)
| 
| Precision model in use:
|      [SPFP] - Single Precision Forces, 64-bit Fixed Point
|               Accumulation. (Default)
| 
|--------------------------------------------------------
 
|----------------- CITATION INFORMATION -----------------
|
|    When publishing work that utilized the CUDA version
|    of AMBER, please cite the following in addition to
|    the regular AMBER citations:
|
|  - Romelia Salomon-Ferrer; Andreas W. Goetz; Duncan
|    Poole; Scott Le Grand; Ross C. Walker "Routine
|    microsecond molecular dynamics simulations with
|    AMBER - Part II: Particle Mesh Ewald", J. Chem.
|    Theory Comput., 2013, 9 (9), pp3878-3888,
|    DOI: 10.1021/ct400314y.
|
|  - Andreas W. Goetz; Mark J. Williamson; Dong Xu;
|    Duncan Poole; Scott Le Grand; Ross C. Walker
|    "Routine microsecond molecular dynamics simulations
|    with AMBER - Part I: Generalized Born", J. Chem.
|    Theory Comput., 2012, 8 (5), pp1542-1555.
|
|  - Scott Le Grand; Andreas W. Goetz; Ross C. Walker
|    "SPFP: Speed without compromise - a mixed precision
|    model for GPU accelerated molecular dynamics
|    simulations.", Comp. Phys. Comm., 2013, 184
|    pp374-380, DOI: 10.1016/j.cpc.2012.09.022
|
|--------------------------------------------------------
 
|------------------- GPU DEVICE INFO --------------------
|
|            CUDA_VISIBLE_DEVICES: 0
|   CUDA Capable Devices Detected:      1
|           CUDA Device ID in use:      0
|                CUDA Device Name: GeForce GTX 980
|     CUDA Device Global Mem Size:   4095 MB
| CUDA Device Num Multiprocessors:     16
|           CUDA Device Core Freq:   1.22 GHz
|
|--------------------------------------------------------
 
 
| Conditional Compilation Defines Used:
| PUBFFT
| BINTRAJ
| CUDA
| EMIL

| Largest sphere to fit in unit cell has radius =    13.320

| New format PARM file being parsed.
| Version =    1.000 Date = 04/18/18 Time = 14:10:35
| Force field information read from topology file: 
|              >>>> CHARMM36 All-Hydrogen Parameter File for Proteins <<<<<<<<<<  
|      CHARMM: >>>>>>>>>>>> All-hydrogen parameters used in the <<<<<<<<<<<<<<<<  
|
|CHARMM: CHARMM force field in use. 
|
|CHARMM: CHARMM force field in use. 

| Note: 1-4 EEL scale factors are being read from the topology file.

| Note: 1-4 VDW scale factors are being read from the topology file.
| INFO: Off Diagonal (NBFIX) LJ terms found in prmtop file.
|       The prmtop file has been modified to support atom
|       type based pairwise Lennard-Jones terms.
| Duplicated    0 dihedrals

| Duplicated    0 dihedrals

--------------------------------------------------------------------------------
   1.  RESOURCE   USE: 
--------------------------------------------------------------------------------

 getting box info from netcdf restart file
 NATOM  =    1776 NTYPES =      18 NBONH =    1741 MBONA  =      32
 NTHETH =     642 MTHETA =      41 NPHIH =     112 MPHIA  =      63
 NHPARM =       0 NPARM  =       0 NNB   =    2616 NRES   =     575
 NBONA  =      32 NTHETA =      41 NPHIA =      63 NUMBND =      21
 NUMANG =      41 NPTRA  =      72 NATYP =       1 NPHB   =       0
 IFBOX  =       1 NMXRS  =      26 IFCAP =       0 NEXTRA =       0
 NCOPY  =       0

|CHARMM: Reticulating splines.

| Coordinate Index Table dimensions:     7    7    7
| Direct force subcell size =     3.8494    3.8056    3.8220

     BOX TYPE: RECTILINEAR

--------------------------------------------------------------------------------
   2.  CONTROL  DATA  FOR  THE  RUN
--------------------------------------------------------------------------------

                                                                                

General flags:
     imin    =       0, nmropt  =       0

Nature and format of input:
     ntx     =       5, irest   =       1, ntrx    =       1

Nature and format of output:
     ntxo    =       2, ntpr    =    1000, ntrx    =       1, ntwr    =   10000
     iwrap   =       0, ntwx    =    1000, ntwv    =       0, ntwe    =       0
     ioutfm  =       1, ntwprt  =       0, idecomp =       0, rbornstat=      0

Potential function:
     ntf     =       2, ntb     =       2, igb     =       0, nsnb    =      25
     ipol    =       0, gbsa    =       0, iesp    =       0
     dielc   =   1.00000, cut     =   6.00000, intdiel =   1.00000

Frozen or restrained atoms:
     ibelly  =       0, ntr     =       0

Molecular dynamics:
     nstlim  =     25000, nscm    =      1000, nrespa  =         1
     t       =   0.00000, dt      =   0.00200, vlimit  =  -1.00000

Langevin dynamics temperature regulation:
     ig      =  425976
     temp0   = 310.15000, tempi   =   0.00000, gamma_ln=   1.00000

Pressure regulation:
     ntp     =       1
     pres0   =   1.00000, comp    =  44.60000, taup    =   1.00000
     Monte-Carlo Barostat:
     mcbarint  =     100

SHAKE:
     ntc     =       2, jfastw  =       0
     tol     =   0.00001

| Intermolecular bonds treatment:
|     no_intermolecular_bonds =       1

| Energy averages sample interval:
|     ene_avg_sampling =    1000

Ewald parameters:
     verbose =       0, ew_type =       0, nbflag  =       1, use_pme =       1
     vdwmeth =       0, eedmeth =       1, netfrc  =       1
     Box X =   26.946   Box Y =   26.639   Box Z =   26.754
     Alpha =   90.000   Beta  =   90.000   Gamma =   90.000
     NFFT1 =   28       NFFT2 =   28       NFFT3 =   28
     Cutoff=    6.000   Tol   =0.100E-04
     Ewald Coefficient =  0.47291
     Interpolation order =    4
| MONTE CARLO BAROSTAT IMPORTANT NOTE:
|   The Monte-Carlo barostat does not require the virial to adjust the system volume.
|   Since it is an expensive calculation, it is skipped for efficiency. A side-effect
|   is that the reported pressure is always 0 because it is not calculated.

--------------------------------------------------------------------------------
   3.  ATOMIC COORDINATES AND VELOCITIES
--------------------------------------------------------------------------------

                                                                                
 begin time read from input coords =    50.000 ps

 
 Number of triangulated 3-point waters found:      569

     Sum of charges from parm topology file =   0.00000000
     Forcing neutrality...

| Dynamic Memory, Types Used:
| Reals              180340
| Integers            50201

| Nonbonded Pairs Initial Allocation:      142390

| GPU memory information (estimate):
| KB of GPU memory in use:     10691
| KB of CPU memory in use:      2763

--------------------------------------------------------------------------------
   4.  RESULTS
--------------------------------------------------------------------------------

 ---------------------------------------------------
 APPROXIMATING switch and d/dx switch using CUBIC SPLINE INTERPOLATION
 using   5000.0 points per unit in tabled values
 TESTING RELATIVE ERROR over r ranging from 0.0 to cutoff
| CHECK switch(x): max rel err =   0.2738E-14   at   2.422500
| CHECK d/dx switch(x): max rel err =   0.8465E-11   at   2.832440
 ---------------------------------------------------
|---------------------------------------------------
| APPROXIMATING direct energy using CUBIC SPLINE INTERPOLATION
|  with   50.0 points per unit in tabled values
| Relative Error Limit not exceeded for r .gt.   2.92
| APPROXIMATING direct force using CUBIC SPLINE INTERPOLATION
|  with   50.0 points per unit in tabled values
| Relative Error Limit not exceeded for r .gt.   3.28
|---------------------------------------------------
| MC Barostat: Increasing size of volume moves

 NSTEP =     1000   TIME(PS) =      52.000  TEMP(K) =   308.80  PRESS =     0.0
 Etot   =     -4497.0087  EKtot   =      1100.5607  EPtot      =     -5597.5694
 BOND   =        16.9508  ANGLE   =        30.5119  DIHED      =        35.5172
 UB     =         3.3317  IMP     =         1.5758  CMAP       =        -3.8745
 1-4 NB =        18.5428  1-4 EEL =      -249.1599  VDWAALS    =       859.5359
 EELEC  =     -6310.5011  EHBOND  =         0.0000  RESTRAINT  =         0.0000
 EKCMT  =         0.0000  VIRIAL  =         0.0000  VOLUME     =     19279.6086
                                                    Density    =         0.9310
 ------------------------------------------------------------------------------


 NSTEP =     2000   TIME(PS) =      54.000  TEMP(K) =   313.02  PRESS =     0.0
 Etot   =     -4532.2841  EKtot   =      1115.6289  EPtot      =     -5647.9130
 BOND   =        16.0918  ANGLE   =        31.3861  DIHED      =        42.3610
 UB     =         4.3529  IMP     =         2.0084  CMAP       =        -1.4183
 1-4 NB =        18.8358  1-4 EEL =      -255.1152  VDWAALS    =       855.2874
 EELEC  =     -6361.7031  EHBOND  =         0.0000  RESTRAINT  =         0.0000
 EKCMT  =         0.0000  VIRIAL  =         0.0000  VOLUME     =     19294.5025
                                                    Density    =         0.9303
 ------------------------------------------------------------------------------


 NSTEP =     3000   TIME(PS) =      56.000  TEMP(K) =   318.27  PRESS =     0.0
 Etot   =     -4499.6382  EKtot   =      1134.3141  EPtot      =     -5633.9523
 BOND   =        17.4636  ANGLE   =        29.7111  DIHED      =        30.2288
 UB     =         4.3717  IMP     =         2.2771  CMAP       =        -1.4460
 1-4 NB =        14.9984  1-4 EEL =      -242.3844  VDWAALS    =       824.4577
 EELEC  =     -6313.6301  EHBOND  =         0.0000  RESTRAINT  =         0.0000
 EKCMT  =         0.0000  VIRIAL  =         0.0000  VOLUME     =     19481.0582
                                                    Density    =         0.9214
 ------------------------------------------------------------------------------


 NSTEP =     4000   TIME(PS) =      58.000  TEMP(K) =   321.74  PRESS =     0.0
 Etot   =     -4436.2794  EKtot   =      1146.6990  EPtot      =     -5582.9784
 BOND   =        18.7161  ANGLE   =        24.3836  DIHED      =        25.2058
 UB     =         3.0394  IMP     =         1.5054  CMAP       =        -0.3091
 1-4 NB =        15.3260  1-4 EEL =      -240.6378  VDWAALS    =       791.1622
 EELEC  =     -6221.3701  EHBOND  =         0.0000  RESTRAINT  =         0.0000
 EKCMT  =         0.0000  VIRIAL  =         0.0000  VOLUME     =     19391.3111
                                                    Density    =         0.9257
 ------------------------------------------------------------------------------


 NSTEP =     5000   TIME(PS) =      60.000  TEMP(K) =   307.89  PRESS =     0.0
 Etot   =     -4561.2869  EKtot   =      1097.3411  EPtot      =     -5658.6279
 BOND   =        15.5152  ANGLE   =        35.0020  DIHED      =        27.5722
 UB     =         4.6595  IMP     =         2.0557  CMAP       =        -1.9822
 1-4 NB =        16.2230  1-4 EEL =      -255.3026  VDWAALS    =       778.2486
 EELEC  =     -6280.6193  EHBOND  =         0.0000  RESTRAINT  =         0.0000
 EKCMT  =         0.0000  VIRIAL  =         0.0000  VOLUME     =     19793.9568
                                                    Density    =         0.9068
 ------------------------------------------------------------------------------


 NSTEP =     6000   TIME(PS) =      62.000  TEMP(K) =   313.24  PRESS =     0.0
 Etot   =     -4525.5395  EKtot   =      1116.3927  EPtot      =     -5641.9322
 BOND   =        18.9128  ANGLE   =        30.9951  DIHED      =        28.6844
 UB     =         4.1646  IMP     =         1.3477  CMAP       =        -1.0569
 1-4 NB =        16.6522  1-4 EEL =      -253.0088  VDWAALS    =       824.8244
 EELEC  =     -6313.4477  EHBOND  =         0.0000  RESTRAINT  =         0.0000
 EKCMT  =         0.0000  VIRIAL  =         0.0000  VOLUME     =     19319.8418
                                                    Density    =         0.9291
 ------------------------------------------------------------------------------


 NSTEP =     7000   TIME(PS) =      64.000  TEMP(K) =   313.58  PRESS =     0.0
 Etot   =     -4401.7569  EKtot   =      1117.6116  EPtot      =     -5519.3685
 BOND   =        17.3597  ANGLE   =        26.4719  DIHED      =        26.5604
 UB     =         3.8666  IMP     =         1.2117  CMAP       =        -2.6264
 1-4 NB =        19.7003  1-4 EEL =      -243.1214  VDWAALS    =       766.2872
 EELEC  =     -6135.0787  EHBOND  =         0.0000  RESTRAINT  =         0.0000
 EKCMT  =         0.0000  VIRIAL  =         0.0000  VOLUME     =     19570.6104
                                                    Density    =         0.9172
 ------------------------------------------------------------------------------


 NSTEP =     8000   TIME(PS) =      66.000  TEMP(K) =   307.50  PRESS =     0.0
 Etot   =     -4453.7829  EKtot   =      1095.9547  EPtot      =     -5549.7376
 BOND   =        15.3704  ANGLE   =        25.0451  DIHED      =        24.9576
 UB     =         2.4485  IMP     =         2.0829  CMAP       =        -0.3870
 1-4 NB =        17.1340  1-4 EEL =      -241.2574  VDWAALS    =       788.7425
 EELEC  =     -6183.8742  EHBOND  =         0.0000  RESTRAINT  =         0.0000
 EKCMT  =         0.0000  VIRIAL  =         0.0000  VOLUME     =     19204.1576
                                                    Density    =         0.9347
 ------------------------------------------------------------------------------


 NSTEP =     9000   TIME(PS) =      68.000  TEMP(K) =   314.60  PRESS =     0.0
 Etot   =     -4464.3527  EKtot   =      1121.2429  EPtot      =     -5585.5956
 BOND   =        21.6421  ANGLE   =        21.1476  DIHED      =        27.7092
 UB     =         4.6023  IMP     =         1.4255  CMAP       =        -0.6620
 1-4 NB =        17.4274  1-4 EEL =      -246.6321  VDWAALS    =       799.2699
 EELEC  =     -6231.5255  EHBOND  =         0.0000  RESTRAINT  =         0.0000
 EKCMT  =         0.0000  VIRIAL  =         0.0000  VOLUME     =     19372.1176
                                                    Density    =         0.9266
 ------------------------------------------------------------------------------


 NSTEP =    10000   TIME(PS) =      70.000  TEMP(K) =   331.95  PRESS =     0.0
 Etot   =     -4389.1955  EKtot   =      1183.0643  EPtot      =     -5572.2598
 BOND   =        19.5237  ANGLE   =        33.3256  DIHED      =        32.8314
 UB     =         3.5532  IMP     =         2.2446  CMAP       =        -1.3746
 1-4 NB =        17.5300  1-4 EEL =      -251.4404  VDWAALS    =       818.4146
 EELEC  =     -6246.8677  EHBOND  =         0.0000  RESTRAINT  =         0.0000
 EKCMT  =         0.0000  VIRIAL  =         0.0000  VOLUME     =     19234.0788
                                                    Density    =         0.9332
 ------------------------------------------------------------------------------


 NSTEP =    11000   TIME(PS) =      72.000  TEMP(K) =   316.28  PRESS =     0.0
 Etot   =     -4434.9119  EKtot   =      1127.2423  EPtot      =     -5562.1542
 BOND   =        15.2280  ANGLE   =        35.4027  DIHED      =        29.3861
 UB     =         4.7696  IMP     =         1.0243  CMAP       =        -1.9319
 1-4 NB =        13.8877  1-4 EEL =      -241.0198  VDWAALS    =       776.3542
 EELEC  =     -6195.2551  EHBOND  =         0.0000  RESTRAINT  =         0.0000
 EKCMT  =         0.0000  VIRIAL  =         0.0000  VOLUME     =     19071.5857
                                                    Density    =         0.9412
 ------------------------------------------------------------------------------


 NSTEP =    12000   TIME(PS) =      74.000  TEMP(K) =   313.72  PRESS =     0.0
 Etot   =     -4492.2654  EKtot   =      1118.0999  EPtot      =     -5610.3653
 BOND   =        15.3326  ANGLE   =        32.4703  DIHED      =        31.6219
 UB     =         2.4051  IMP     =         1.7216  CMAP       =        -3.6261
 1-4 NB =        18.0834  1-4 EEL =      -248.5746  VDWAALS    =       860.6918
 EELEC  =     -6320.4914  EHBOND  =         0.0000  RESTRAINT  =         0.0000
 EKCMT  =         0.0000  VIRIAL  =         0.0000  VOLUME     =     19271.3145
                                                    Density    =         0.9314
 ------------------------------------------------------------------------------


 NSTEP =    13000   TIME(PS) =      76.000  TEMP(K) =   312.92  PRESS =     0.0
 Etot   =     -4522.5285  EKtot   =      1115.2573  EPtot      =     -5637.7859
 BOND   =        18.2520  ANGLE   =        29.3976  DIHED      =        29.2042
 UB     =         3.6908  IMP     =         1.5274  CMAP       =        -3.2684
 1-4 NB =        15.2275  1-4 EEL =      -245.3732  VDWAALS    =       813.8469
 EELEC  =     -6300.2908  EHBOND  =         0.0000  RESTRAINT  =         0.0000
 EKCMT  =         0.0000  VIRIAL  =         0.0000  VOLUME     =     19054.5410
                                                    Density    =         0.9420
 ------------------------------------------------------------------------------


 NSTEP =    14000   TIME(PS) =      78.000  TEMP(K) =   306.47  PRESS =     0.0
 Etot   =     -4522.6336  EKtot   =      1092.2576  EPtot      =     -5614.8912
 BOND   =        13.6361  ANGLE   =        35.7909  DIHED      =        30.1014
 UB     =         3.5097  IMP     =         2.8866  CMAP       =        -3.7120
 1-4 NB =        17.2089  1-4 EEL =      -234.6187  VDWAALS    =       756.8473
 EELEC  =     -6236.5415  EHBOND  =         0.0000  RESTRAINT  =         0.0000
 EKCMT  =         0.0000  VIRIAL  =         0.0000  VOLUME     =     18838.3801
                                                    Density    =         0.9528
 ------------------------------------------------------------------------------


 NSTEP =    15000   TIME(PS) =      80.000  TEMP(K) =   311.36  PRESS =     0.0
 Etot   =     -4518.5158  EKtot   =      1109.7096  EPtot      =     -5628.2254
 BOND   =        14.4435  ANGLE   =        34.3040  DIHED      =        33.3091
 UB     =         4.0256  IMP     =         2.5678  CMAP       =        -2.6487
 1-4 NB =        20.4855  1-4 EEL =      -244.9085  VDWAALS    =       799.9942
 EELEC  =     -6289.7978  EHBOND  =         0.0000  RESTRAINT  =         0.0000
 EKCMT  =         0.0000  VIRIAL  =         0.0000  VOLUME     =     18708.8523
                                                    Density    =         0.9594
 ------------------------------------------------------------------------------


 NSTEP =    16000   TIME(PS) =      82.000  TEMP(K) =   306.30  PRESS =     0.0
 Etot   =     -4554.0450  EKtot   =      1091.6595  EPtot      =     -5645.7046
 BOND   =        14.7231  ANGLE   =        30.5117  DIHED      =        24.7443
 UB     =         3.3635  IMP     =         1.5598  CMAP       =        -3.9594
 1-4 NB =        17.2703  1-4 EEL =      -239.7487  VDWAALS    =       811.5005
 EELEC  =     -6305.6698  EHBOND  =         0.0000  RESTRAINT  =         0.0000
 EKCMT  =         0.0000  VIRIAL  =         0.0000  VOLUME     =     18650.9798
                                                    Density    =         0.9624
 ------------------------------------------------------------------------------


 NSTEP =    17000   TIME(PS) =      84.000  TEMP(K) =   296.43  PRESS =     0.0
 Etot   =     -4549.1423  EKtot   =      1056.5007  EPtot      =     -5605.6431
 BOND   =        16.0108  ANGLE   =        39.3494  DIHED      =        27.2347
 UB     =         3.3730  IMP     =         2.1523  CMAP       =        -7.2464
 1-4 NB =        15.7021  1-4 EEL =      -249.5843  VDWAALS    =       799.0133
 EELEC  =     -6251.6480  EHBOND  =         0.0000  RESTRAINT  =         0.0000
 EKCMT  =         0.0000  VIRIAL  =         0.0000  VOLUME     =     18988.6258
                                                    Density    =         0.9453
 ------------------------------------------------------------------------------


 NSTEP =    18000   TIME(PS) =      86.000  TEMP(K) =   320.19  PRESS =     0.0
 Etot   =     -4468.6707  EKtot   =      1141.1575  EPtot      =     -5609.8281
 BOND   =        19.6502  ANGLE   =        26.1030  DIHED      =        34.1035
 UB     =         3.5565  IMP     =         3.7708  CMAP       =        -3.4945
 1-4 NB =        16.4890  1-4 EEL =      -238.9218  VDWAALS    =       818.0287
 EELEC  =     -6289.1134  EHBOND  =         0.0000  RESTRAINT  =         0.0000
 EKCMT  =         0.0000  VIRIAL  =         0.0000  VOLUME     =     19056.1700
                                                    Density    =         0.9419
 ------------------------------------------------------------------------------


 NSTEP =    19000   TIME(PS) =      88.000  TEMP(K) =   315.77  PRESS =     0.0
 Etot   =     -4487.6788  EKtot   =      1125.4045  EPtot      =     -5613.0833
 BOND   =        17.4561  ANGLE   =        35.5659  DIHED      =        31.5142
 UB     =         5.0053  IMP     =         2.2703  CMAP       =        -2.5815
 1-4 NB =        17.1147  1-4 EEL =      -252.6786  VDWAALS    =       761.8865
 EELEC  =     -6228.6362  EHBOND  =         0.0000  RESTRAINT  =         0.0000
 EKCMT  =         0.0000  VIRIAL  =         0.0000  VOLUME     =     19083.6866
                                                    Density    =         0.9406
 ------------------------------------------------------------------------------


 NSTEP =    20000   TIME(PS) =      90.000  TEMP(K) =   322.67  PRESS =     0.0
 Etot   =     -4512.0911  EKtot   =      1149.9921  EPtot      =     -5662.0832
 BOND   =        13.6590  ANGLE   =        27.7118  DIHED      =        28.1862
 UB     =         2.3531  IMP     =         1.5691  CMAP       =        -5.0193
 1-4 NB =        19.7575  1-4 EEL =      -251.0562  VDWAALS    =       825.6370
 EELEC  =     -6324.8813  EHBOND  =         0.0000  RESTRAINT  =         0.0000
 EKCMT  =         0.0000  VIRIAL  =         0.0000  VOLUME     =     19355.8939
                                                    Density    =         0.9273
 ------------------------------------------------------------------------------


 NSTEP =    21000   TIME(PS) =      92.000  TEMP(K) =   323.32  PRESS =     0.0
 Etot   =     -4410.4993  EKtot   =      1152.3076  EPtot      =     -5562.8069
 BOND   =        13.5333  ANGLE   =        32.3674  DIHED      =        32.1191
 UB     =         3.9011  IMP     =         2.4860  CMAP       =        -3.3819
 1-4 NB =        18.7991  1-4 EEL =      -255.0801  VDWAALS    =       825.4280
 EELEC  =     -6232.9790  EHBOND  =         0.0000  RESTRAINT  =         0.0000
 EKCMT  =         0.0000  VIRIAL  =         0.0000  VOLUME     =     19522.0029
                                                    Density    =         0.9195
 ------------------------------------------------------------------------------


 NSTEP =    22000   TIME(PS) =      94.000  TEMP(K) =   309.39  PRESS =     0.0
 Etot   =     -4464.6438  EKtot   =      1102.6777  EPtot      =     -5567.3216
 BOND   =        14.3062  ANGLE   =        38.7638  DIHED      =        28.0623
 UB     =         2.9679  IMP     =         2.2728  CMAP       =        -5.1941
 1-4 NB =        22.0656  1-4 EEL =      -254.3497  VDWAALS    =       758.9805
 EELEC  =     -6175.1969  EHBOND  =         0.0000  RESTRAINT  =         0.0000
 EKCMT  =         0.0000  VIRIAL  =         0.0000  VOLUME     =     19497.1816
                                                    Density    =         0.9206
 ------------------------------------------------------------------------------


 NSTEP =    23000   TIME(PS) =      96.000  TEMP(K) =   314.80  PRESS =     0.0
 Etot   =     -4511.4131  EKtot   =      1121.9451  EPtot      =     -5633.3581
 BOND   =        14.6217  ANGLE   =        32.9805  DIHED      =        30.3830
 UB     =         5.5101  IMP     =         2.2679  CMAP       =        -2.7980
 1-4 NB =        18.4158  1-4 EEL =      -248.4444  VDWAALS    =       834.3909
 EELEC  =     -6320.6857  EHBOND  =         0.0000  RESTRAINT  =         0.0000
 EKCMT  =         0.0000  VIRIAL  =         0.0000  VOLUME     =     19360.4388
                                                    Density    =         0.9271
 ------------------------------------------------------------------------------


 NSTEP =    24000   TIME(PS) =      98.000  TEMP(K) =   322.72  PRESS =     0.0
 Etot   =     -4513.9947  EKtot   =      1150.1852  EPtot      =     -5664.1799
 BOND   =        17.4237  ANGLE   =        30.5171  DIHED      =        29.7512
 UB     =         2.9063  IMP     =         1.9718  CMAP       =        -3.5121
 1-4 NB =        16.8525  1-4 EEL =      -245.2717  VDWAALS    =       802.8690
 EELEC  =     -6317.6876  EHBOND  =         0.0000  RESTRAINT  =         0.0000
 EKCMT  =         0.0000  VIRIAL  =         0.0000  VOLUME     =     19198.2681
                                                    Density    =         0.9350
 ------------------------------------------------------------------------------


 NSTEP =    25000   TIME(PS) =     100.000  TEMP(K) =   327.11  PRESS =     0.0
 Etot   =     -4461.3424  EKtot   =      1165.8120  EPtot      =     -5627.1544
 BOND   =        22.4076  ANGLE   =        26.3798  DIHED      =        30.4226
 UB     =         3.3674  IMP     =         1.0658  CMAP       =        -4.8167
 1-4 NB =        16.4888  1-4 EEL =      -245.6761  VDWAALS    =       792.0302
 EELEC  =     -6268.8238  EHBOND  =         0.0000  RESTRAINT  =         0.0000
 EKCMT  =         0.0000  VIRIAL  =         0.0000  VOLUME     =     19260.2876
                                                    Density    =         0.9319
 ------------------------------------------------------------------------------


      A V E R A G E S   O V E R      25 S T E P S


 NSTEP =    25000   TIME(PS) =     100.000  TEMP(K) =   314.80  PRESS =     0.0
 Etot   =     -4487.4200  EKtot   =      1121.9607  EPtot      =     -5609.3808
 BOND   =        16.7292  ANGLE   =        31.0238  DIHED      =        30.0709
 UB     =         3.7238  IMP     =         1.9540  CMAP       =        -2.8931
 1-4 NB =        17.4487  1-4 EEL =      -246.9347  VDWAALS    =       805.7492
 EELEC  =     -6266.2526  EHBOND  =         0.0000  RESTRAINT  =         0.0000
 EKCMT  =         0.0000  VIRIAL  =         0.0000  VOLUME     =     19234.3781
                                                    Density    =         0.9334
 ------------------------------------------------------------------------------


      R M S  F L U C T U A T I O N S


 NSTEP =    25000   TIME(PS) =     100.000  TEMP(K) =     7.49  PRESS =     0.0
 Etot   =        46.5854  EKtot   =        26.7065  EPtot      =        37.6263
 BOND   =         2.3914  ANGLE   =         4.4339  DIHED      =         3.7160
 UB     =         0.8079  IMP     =         0.6041  CMAP       =         1.6343
 1-4 NB =         1.8225  1-4 EEL =         5.6675  VDWAALS    =        29.3883
 EELEC  =        55.1615  EHBOND  =         0.0000  RESTRAINT  =         0.0000
 EKCMT  =         0.0000  VIRIAL  =         0.0000  VOLUME     =       259.0250
                                                    Density    =         0.0126
 ------------------------------------------------------------------------------

| MC Barostat:        250 volume changes attempted.
| MC Barostat:        140 changes successful ( 56.00%)
 ------------------------------------------------------------------------------

--------------------------------------------------------------------------------
   5.  TIMINGS
--------------------------------------------------------------------------------

|  NonSetup CPU Time in Major Routines:
|
|     Routine           Sec        %
|     ------------------------------
|     Nonbond           4.10   55.46
|     Bond              0.00    0.00
|     Angle             0.00    0.00
|     Dihedral          0.00    0.00
|     Shake             0.24    3.29
|     RunMD             2.98   40.40
|     Other             0.06    0.85
|     ------------------------------
|     Total             7.39

|  PME Nonbond Pairlist CPU Time:
|
|     Routine              Sec        %
|     ---------------------------------
|     Set Up Cit           0.00    0.00
|     Build List           0.00    0.00
|     ---------------------------------
|     Total                0.00    0.00

|  PME Direct Force CPU Time:
|
|     Routine              Sec        %
|     ---------------------------------
|     NonBonded Calc       0.00    0.00
|     Exclude Masked       0.00    0.00
|     Other                0.01    0.18
|     ---------------------------------
|     Total                0.01    0.18

|  PME Reciprocal Force CPU Time:
|
|     Routine              Sec        %
|     ---------------------------------
|     1D bspline           0.00    0.00
|     Grid Charges         0.00    0.00
|     Scalar Sum           0.00    0.00
|     Gradient Sum         0.00    0.00
|     FFT                  0.00    0.00
|     ---------------------------------
|     Total                0.00    0.00

|  Final Performance Info:
|     -----------------------------------------------------
|     Average timings for last   24000 steps:
|     Elapsed(s) =       7.09 Per Step(ms) =       0.30
|         ns/day =     584.95   seconds/ns =     147.70
|
|     Average timings for all steps:
|     Elapsed(s) =       7.41 Per Step(ms) =       0.30
|         ns/day =     583.29   seconds/ns =     148.12
|     -----------------------------------------------------

|  Setup CPU time:            0.70 seconds
|  NonSetup CPU time:         7.39 seconds
|  Total CPU time:            8.09 seconds     0.00 hours

|  Setup wall time:           1    seconds
|  NonSetup wall time:        8    seconds
|  Total wall time:           9    seconds     0.00 hours
