
          -------------------------------------------------------
          Amber 16 PMEMD                              2016
          -------------------------------------------------------

| PMEMD implementation of SANDER, Release 16

| Run on 04/18/2018 at 15:04:51

|   Executable path: /cm/shared/apps/amber16_cuda/bin/pmemd.cuda
| Working directory: /shared2/work/wesley/Piezo/piezo_anton/Anton_HMR_Testing/charmm-gui_ARFwaterbox/peptide_water_HMR_AMBER_to_Anton_Test/standard
|          Hostname: node005

  [-O]verwriting output

File Assignments:
|   MDIN: step4.0_equilibration.mdin                                            
|  MDOUT: step4.0_equilibration.out                                             
| INPCRD: step3_minimization.rst7                                               
|   PARM: step2_charmm2amber.parm7                                              
| RESTRT: step4.0_equilibration.rst7                                            
|   REFC: step3_minimization.rst7                                               
|  MDVEL: mdvel                                                                 
|   MDEN: mden                                                                  
|  MDCRD: step4.0_equilibration.nc                                              
| MDINFO: mdinfo                                                                
|  MDFRC: mdfrc                                                                 


 Here is the input file:

A NVT simulation for common production-level simulations                       
 &cntrl                                                                        
    imin=0,        ! No minimization                                           
    irest=0,       ! This is NOT a restart of an old MD simulation             
    ntx=1,         ! So our inpcrd file has no velocities                      
                                                                               
    ! Temperature control                                                      
    ntt=3,         ! Langevin dynamics                                         
    gamma_ln=1.0,  ! Friction coefficient (ps^-1)                              
    tempi=310.15,   ! Initial temp -- give it some small random velocities     
    temp0=310.15,   ! Target temperature                                       
                                                                               
    ! Potential energy control                                                 
    cut=6.0,      ! Nonbonded cutoff, in Angstroms                             
    fswitch=5.0,  ! Force-based switching                                      
                                                                               
    ! MD settings                                                              
    nstlim=25000,  ! 25K steps, 25 ps total                                    
    dt=0.001,      ! time step (ps)                                            
                                                                               
    ! SHAKE                                                                    
    ntc=2,         ! Constrain bonds containing hydrogen                       
    ntf=2,         ! Do not calculate forces of bonds containing hydrogen      
                                                                               
    ! Control how often information is printed                                 
    ntpr=1000,     ! Print energies every 1000 steps                           
    ntwx=1000,     ! Print coordinates every 1000 steps to the trajectory      
    ntwr=10000,    ! Print a restart file every 10K steps (can be less frequent
!   ntwv=-1,       ! Uncomment to also print velocities to trajectory          
!   ntwf=-1,       ! Uncomment to also print forces to trajectory              
    ntxo=2,        ! Write NetCDF format                                       
    ioutfm=1,      ! Write NetCDF format (always do this!)                     
                                                                               
    ! Wrap coordinates when printing them to the same unit cell                
    iwrap=0,                                                                   
                                                                               
    ! Restraint options                                                        
    ntr=1,         ! Positional restraints for proteins, sugars, ligands, and l
    !nmropt=1,      ! Dihedral restraints for sugars and lipids                
                                                                               
    ! Set water atom/residue names for SETTLE recognition                      
    watnam='WAT',  ! Water residues are named WAT                              
    owtnm='O',     ! Water oxygens are named O                                 
 /                                                                             
                                                                               
 &ewald                                                                        
    vdwmeth = 0,                                                               
 /                                                                             
                                                                               
 &wt                                                                           
 	type='END'                                                                   
 /                                                                             
Protein posres                                                                 
10.0                                                                           
RES 1 3                                                                        
END                                                                            
END                                                                            
                                                                               


Note: ig = -1. Setting random seed to   209162 based on wallclock time in 
      microseconds.
 
|--------------------- INFORMATION ----------------------
| GPU (CUDA) Version of PMEMD in use: NVIDIA GPU IN USE.
|                    Version 16.0.0
| 
|                      02/25/2016
| 
| Implementation by:
|                    Ross C. Walker     (SDSC)
|                    Scott Le Grand     (nVIDIA)
| 
| Precision model in use:
|      [SPFP] - Single Precision Forces, 64-bit Fixed Point
|               Accumulation. (Default)
| 
|--------------------------------------------------------
 
|----------------- CITATION INFORMATION -----------------
|
|    When publishing work that utilized the CUDA version
|    of AMBER, please cite the following in addition to
|    the regular AMBER citations:
|
|  - Romelia Salomon-Ferrer; Andreas W. Goetz; Duncan
|    Poole; Scott Le Grand; Ross C. Walker "Routine
|    microsecond molecular dynamics simulations with
|    AMBER - Part II: Particle Mesh Ewald", J. Chem.
|    Theory Comput., 2013, 9 (9), pp3878-3888,
|    DOI: 10.1021/ct400314y.
|
|  - Andreas W. Goetz; Mark J. Williamson; Dong Xu;
|    Duncan Poole; Scott Le Grand; Ross C. Walker
|    "Routine microsecond molecular dynamics simulations
|    with AMBER - Part I: Generalized Born", J. Chem.
|    Theory Comput., 2012, 8 (5), pp1542-1555.
|
|  - Scott Le Grand; Andreas W. Goetz; Ross C. Walker
|    "SPFP: Speed without compromise - a mixed precision
|    model for GPU accelerated molecular dynamics
|    simulations.", Comp. Phys. Comm., 2013, 184
|    pp374-380, DOI: 10.1016/j.cpc.2012.09.022
|
|--------------------------------------------------------
 
|------------------- GPU DEVICE INFO --------------------
|
|            CUDA_VISIBLE_DEVICES: 0
|   CUDA Capable Devices Detected:      1
|           CUDA Device ID in use:      0
|                CUDA Device Name: GeForce GTX 980
|     CUDA Device Global Mem Size:   4095 MB
| CUDA Device Num Multiprocessors:     16
|           CUDA Device Core Freq:   1.22 GHz
|
|--------------------------------------------------------
 
 
| Conditional Compilation Defines Used:
| PUBFFT
| BINTRAJ
| CUDA
| EMIL

| Largest sphere to fit in unit cell has radius =    13.895

| New format PARM file being parsed.
| Version =    1.000 Date = 04/18/18 Time = 14:10:35
| Force field information read from topology file: 
|              >>>> CHARMM36 All-Hydrogen Parameter File for Proteins <<<<<<<<<<  
|      CHARMM: >>>>>>>>>>>> All-hydrogen parameters used in the <<<<<<<<<<<<<<<<  
|
|CHARMM: CHARMM force field in use. 
|
|CHARMM: CHARMM force field in use. 

| Note: 1-4 EEL scale factors are being read from the topology file.

| Note: 1-4 VDW scale factors are being read from the topology file.
| INFO: Off Diagonal (NBFIX) LJ terms found in prmtop file.
|       The prmtop file has been modified to support atom
|       type based pairwise Lennard-Jones terms.
| Duplicated    0 dihedrals

| Duplicated    0 dihedrals

--------------------------------------------------------------------------------
   1.  RESOURCE   USE: 
--------------------------------------------------------------------------------

 getting box info from netcdf restart file
 NATOM  =    1776 NTYPES =      18 NBONH =    1741 MBONA  =      32
 NTHETH =     642 MTHETA =      41 NPHIH =     112 MPHIA  =      63
 NHPARM =       0 NPARM  =       0 NNB   =    2616 NRES   =     575
 NBONA  =      32 NTHETA =      41 NPHIA =      63 NUMBND =      21
 NUMANG =      41 NPTRA  =      72 NATYP =       1 NPHB   =       0
 IFBOX  =       1 NMXRS  =      26 IFCAP =       0 NEXTRA =       0
 NCOPY  =       0

|CHARMM: Reticulating splines.

| Coordinate Index Table dimensions:     8    7    7
| Direct force subcell size =     3.5137    3.9700    3.9871

     BOX TYPE: RECTILINEAR

--------------------------------------------------------------------------------
   2.  CONTROL  DATA  FOR  THE  RUN
--------------------------------------------------------------------------------

                                                                                

General flags:
     imin    =       0, nmropt  =       0

Nature and format of input:
     ntx     =       1, irest   =       0, ntrx    =       1

Nature and format of output:
     ntxo    =       2, ntpr    =    1000, ntrx    =       1, ntwr    =   10000
     iwrap   =       0, ntwx    =    1000, ntwv    =       0, ntwe    =       0
     ioutfm  =       1, ntwprt  =       0, idecomp =       0, rbornstat=      0

Potential function:
     ntf     =       2, ntb     =       1, igb     =       0, nsnb    =      25
     ipol    =       0, gbsa    =       0, iesp    =       0
     dielc   =   1.00000, cut     =   6.00000, intdiel =   1.00000

Frozen or restrained atoms:
     ibelly  =       0, ntr     =       1
     restraint_wt =   0.00000

Molecular dynamics:
     nstlim  =     25000, nscm    =         0, nrespa  =         1
     t       =   0.00000, dt      =   0.00100, vlimit  =  -1.00000

Langevin dynamics temperature regulation:
     ig      =  209162
     temp0   = 310.15000, tempi   = 310.15000, gamma_ln=   1.00000

SHAKE:
     ntc     =       2, jfastw  =       0
     tol     =   0.00001

| Intermolecular bonds treatment:
|     no_intermolecular_bonds =       1

| Energy averages sample interval:
|     ene_avg_sampling =    1000

Ewald parameters:
     verbose =       0, ew_type =       0, nbflag  =       1, use_pme =       1
     vdwmeth =       0, eedmeth =       1, netfrc  =       1
     Box X =   28.110   Box Y =   27.790   Box Z =   27.910
     Alpha =   90.000   Beta  =   90.000   Gamma =   90.000
     NFFT1 =   32       NFFT2 =   28       NFFT3 =   28
     Cutoff=    6.000   Tol   =0.100E-04
     Ewald Coefficient =  0.47291
     Interpolation order =    4

    LOADING THE CONSTRAINED ATOMS AS GROUPS


   5.  REFERENCE ATOM COORDINATES

                                                                                  
    ----- READING GROUP     1; TITLE:
 Protein posres                                                              

     GROUP    1 HAS HARMONIC CONSTRAINTS    10.00000
 GRP    1 RES    1 TO     3
      Number of atoms in this group  =    66
    ----- END OF GROUP READ -----

--------------------------------------------------------------------------------
   3.  ATOMIC COORDINATES AND VELOCITIES
--------------------------------------------------------------------------------

                                                                                
 begin time read from input coords =     0.000 ps

 
 Number of triangulated 3-point waters found:      569

     Sum of charges from parm topology file =   0.00000000
     Forcing neutrality...

| Dynamic Memory, Types Used:
| Reals              162873
| Integers            47336

| Nonbonded Pairs Initial Allocation:      142390

| GPU memory information (estimate):
| KB of GPU memory in use:      9547
| KB of CPU memory in use:      2659

--------------------------------------------------------------------------------
   4.  RESULTS
--------------------------------------------------------------------------------

 ---------------------------------------------------
 APPROXIMATING switch and d/dx switch using CUBIC SPLINE INTERPOLATION
 using   5000.0 points per unit in tabled values
 TESTING RELATIVE ERROR over r ranging from 0.0 to cutoff
| CHECK switch(x): max rel err =   0.2738E-14   at   2.422500
| CHECK d/dx switch(x): max rel err =   0.8465E-11   at   2.832440
 ---------------------------------------------------
|---------------------------------------------------
| APPROXIMATING direct energy using CUBIC SPLINE INTERPOLATION
|  with   50.0 points per unit in tabled values
| Relative Error Limit not exceeded for r .gt.   2.92
| APPROXIMATING direct force using CUBIC SPLINE INTERPOLATION
|  with   50.0 points per unit in tabled values
| Relative Error Limit not exceeded for r .gt.   3.28
|---------------------------------------------------

 NSTEP =        0   TIME(PS) =       0.000  TEMP(K) =   454.17  PRESS =     0.0
 Etot   =     -5949.9708  EKtot   =      1618.6585  EPtot      =     -7568.6293
 BOND   =         6.3744  ANGLE   =       162.8372  DIHED      =        28.0047
 UB     =         0.8456  IMP     =         0.3974  CMAP       =        -0.4282
 1-4 NB =        15.5993  1-4 EEL =      -239.2260  VDWAALS    =      1308.1630
 EELEC  =     -8851.1969  EHBOND  =         0.0000  RESTRAINT  =         0.0000
 ------------------------------------------------------------------------------


 NSTEP =     1000   TIME(PS) =       1.000  TEMP(K) =   247.64  PRESS =     0.0
 Etot   =     -5033.9613  EKtot   =       882.6036  EPtot      =     -5916.5650
 BOND   =        17.3856  ANGLE   =        20.9982  DIHED      =        31.3136
 UB     =         1.9144  IMP     =         1.8620  CMAP       =        -0.5563
 1-4 NB =        14.8100  1-4 EEL =      -235.4266  VDWAALS    =       930.1598
 EELEC  =     -6712.4064  EHBOND  =         0.0000  RESTRAINT  =        13.3807
 EAMBER (non-restraint)  =     -5929.9456
 ------------------------------------------------------------------------------


 NSTEP =     2000   TIME(PS) =       2.000  TEMP(K) =   285.76  PRESS =     0.0
 Etot   =     -4653.3112  EKtot   =      1018.4670  EPtot      =     -5671.7782
 BOND   =        14.5263  ANGLE   =        25.7007  DIHED      =        32.3729
 UB     =         2.9496  IMP     =         1.0886  CMAP       =        -0.9642
 1-4 NB =        15.9505  1-4 EEL =      -245.8873  VDWAALS    =       838.7069
 EELEC  =     -6369.0437  EHBOND  =         0.0000  RESTRAINT  =        12.8215
 EAMBER (non-restraint)  =     -5684.5997
 ------------------------------------------------------------------------------


 NSTEP =     3000   TIME(PS) =       3.000  TEMP(K) =   291.01  PRESS =     0.0
 Etot   =     -4545.5821  EKtot   =      1037.1543  EPtot      =     -5582.7364
 BOND   =        12.5316  ANGLE   =        30.1230  DIHED      =        30.8601
 UB     =         3.2523  IMP     =         1.3796  CMAP       =         0.3680
 1-4 NB =        15.6460  1-4 EEL =      -237.3498  VDWAALS    =       760.3196
 EELEC  =     -6215.8140  EHBOND  =         0.0000  RESTRAINT  =        15.9472
 EAMBER (non-restraint)  =     -5598.6836
 ------------------------------------------------------------------------------


 NSTEP =     4000   TIME(PS) =       4.000  TEMP(K) =   294.35  PRESS =     0.0
 Etot   =     -4488.1976  EKtot   =      1049.0740  EPtot      =     -5537.2716
 BOND   =        14.4507  ANGLE   =        31.6462  DIHED      =        34.2980
 UB     =         3.4397  IMP     =         2.6600  CMAP       =        -1.6308
 1-4 NB =        14.3677  1-4 EEL =      -249.2007  VDWAALS    =       814.1766
 EELEC  =     -6223.5441  EHBOND  =         0.0000  RESTRAINT  =        22.0651
 EAMBER (non-restraint)  =     -5559.3368
 ------------------------------------------------------------------------------


 NSTEP =     5000   TIME(PS) =       5.000  TEMP(K) =   308.33  PRESS =     0.0
 Etot   =     -4422.2273  EKtot   =      1098.8933  EPtot      =     -5521.1206
 BOND   =         9.6003  ANGLE   =        25.6269  DIHED      =        32.6413
 UB     =         2.8850  IMP     =         2.3919  CMAP       =        -1.2177
 1-4 NB =        15.5471  1-4 EEL =      -233.5208  VDWAALS    =       786.7565
 EELEC  =     -6180.5008  EHBOND  =         0.0000  RESTRAINT  =        18.6697
 EAMBER (non-restraint)  =     -5539.7903
 ------------------------------------------------------------------------------


 NSTEP =     6000   TIME(PS) =       6.000  TEMP(K) =   307.09  PRESS =     0.0
 Etot   =     -4391.1449  EKtot   =      1094.4691  EPtot      =     -5485.6141
 BOND   =        19.1952  ANGLE   =        31.6371  DIHED      =        32.4503
 UB     =         3.4350  IMP     =         1.8216  CMAP       =         0.1115
 1-4 NB =        15.2022  1-4 EEL =      -246.2670  VDWAALS    =       781.3701
 EELEC  =     -6148.1324  EHBOND  =         0.0000  RESTRAINT  =        23.5625
 EAMBER (non-restraint)  =     -5509.1765
 ------------------------------------------------------------------------------


 NSTEP =     7000   TIME(PS) =       7.000  TEMP(K) =   302.67  PRESS =     0.0
 Etot   =     -4370.1997  EKtot   =      1078.7239  EPtot      =     -5448.9236
 BOND   =        13.8901  ANGLE   =        25.9492  DIHED      =        33.3360
 UB     =         3.2123  IMP     =         4.0193  CMAP       =        -1.7199
 1-4 NB =        15.3076  1-4 EEL =      -246.8625  VDWAALS    =       711.5910
 EELEC  =     -6024.4998  EHBOND  =         0.0000  RESTRAINT  =        16.8530
 EAMBER (non-restraint)  =     -5465.7766
 ------------------------------------------------------------------------------


 NSTEP =     8000   TIME(PS) =       8.000  TEMP(K) =   298.12  PRESS =     0.0
 Etot   =     -4416.8032  EKtot   =      1062.4950  EPtot      =     -5479.2982
 BOND   =        15.3947  ANGLE   =        27.4430  DIHED      =        33.7782
 UB     =         2.7362  IMP     =         1.9169  CMAP       =        -2.1750
 1-4 NB =        13.0008  1-4 EEL =      -250.2711  VDWAALS    =       782.1021
 EELEC  =     -6121.7774  EHBOND  =         0.0000  RESTRAINT  =        18.5534
 EAMBER (non-restraint)  =     -5497.8517
 ------------------------------------------------------------------------------


 NSTEP =     9000   TIME(PS) =       9.000  TEMP(K) =   313.28  PRESS =     0.0
 Etot   =     -4299.8502  EKtot   =      1116.5497  EPtot      =     -5416.3999
 BOND   =        16.9717  ANGLE   =        24.2437  DIHED      =        33.5051
 UB     =         2.4507  IMP     =         2.4557  CMAP       =        -1.6382
 1-4 NB =        12.6873  1-4 EEL =      -242.7181  VDWAALS    =       780.6036
 EELEC  =     -6063.6801  EHBOND  =         0.0000  RESTRAINT  =        18.7187
 EAMBER (non-restraint)  =     -5435.1186
 ------------------------------------------------------------------------------


 NSTEP =    10000   TIME(PS) =      10.000  TEMP(K) =   315.13  PRESS =     0.0
 Etot   =     -4275.9957  EKtot   =      1123.1360  EPtot      =     -5399.1317
 BOND   =        15.3482  ANGLE   =        29.0004  DIHED      =        33.3841
 UB     =         2.9419  IMP     =         4.0206  CMAP       =        -2.7846
 1-4 NB =        11.5521  1-4 EEL =      -245.3548  VDWAALS    =       818.4159
 EELEC  =     -6088.5155  EHBOND  =         0.0000  RESTRAINT  =        22.8599
 EAMBER (non-restraint)  =     -5421.9916
 ------------------------------------------------------------------------------


 NSTEP =    11000   TIME(PS) =      11.000  TEMP(K) =   324.02  PRESS =     0.0
 Etot   =     -4295.0438  EKtot   =      1154.8083  EPtot      =     -5449.8522
 BOND   =        15.3819  ANGLE   =        29.3461  DIHED      =        30.8746
 UB     =         4.1374  IMP     =         1.8175  CMAP       =        -1.6639
 1-4 NB =        16.4183  1-4 EEL =      -242.9176  VDWAALS    =       730.2943
 EELEC  =     -6055.0975  EHBOND  =         0.0000  RESTRAINT  =        21.5567
 EAMBER (non-restraint)  =     -5471.4089
 ------------------------------------------------------------------------------


 NSTEP =    12000   TIME(PS) =      12.000  TEMP(K) =   302.62  PRESS =     0.0
 Etot   =     -4334.3168  EKtot   =      1078.5327  EPtot      =     -5412.8495
 BOND   =        15.7840  ANGLE   =        30.4301  DIHED      =        34.2272
 UB     =         2.3476  IMP     =         2.1794  CMAP       =        -0.4205
 1-4 NB =        16.4660  1-4 EEL =      -244.1299  VDWAALS    =       718.1151
 EELEC  =     -6007.0010  EHBOND  =         0.0000  RESTRAINT  =        19.1523
 EAMBER (non-restraint)  =     -5432.0018
 ------------------------------------------------------------------------------


 NSTEP =    13000   TIME(PS) =      13.000  TEMP(K) =   309.17  PRESS =     0.0
 Etot   =     -4347.1962  EKtot   =      1101.9047  EPtot      =     -5449.1009
 BOND   =        10.5682  ANGLE   =        26.1048  DIHED      =        35.6586
 UB     =         2.1499  IMP     =         1.2540  CMAP       =        -1.4820
 1-4 NB =        15.3247  1-4 EEL =      -232.8741  VDWAALS    =       759.2423
 EELEC  =     -6086.6802  EHBOND  =         0.0000  RESTRAINT  =        21.6330
 EAMBER (non-restraint)  =     -5470.7339
 ------------------------------------------------------------------------------


 NSTEP =    14000   TIME(PS) =      14.000  TEMP(K) =   312.74  PRESS =     0.0
 Etot   =     -4310.3241  EKtot   =      1114.6262  EPtot      =     -5424.9504
 BOND   =        19.1357  ANGLE   =        31.0907  DIHED      =        32.2948
 UB     =         3.1566  IMP     =         1.7943  CMAP       =        -2.9517
 1-4 NB =        14.1612  1-4 EEL =      -250.3059  VDWAALS    =       771.0429
 EELEC  =     -6062.7918  EHBOND  =         0.0000  RESTRAINT  =        18.4228
 EAMBER (non-restraint)  =     -5443.3732
 ------------------------------------------------------------------------------


 NSTEP =    15000   TIME(PS) =      15.000  TEMP(K) =   320.95  PRESS =     0.0
 Etot   =     -4292.5937  EKtot   =      1143.8781  EPtot      =     -5436.4718
 BOND   =        11.8077  ANGLE   =        26.2320  DIHED      =        36.8269
 UB     =         3.0513  IMP     =         3.8565  CMAP       =        -0.8241
 1-4 NB =        16.3887  1-4 EEL =      -245.7164  VDWAALS    =       784.2815
 EELEC  =     -6094.4004  EHBOND  =         0.0000  RESTRAINT  =        22.0245
 EAMBER (non-restraint)  =     -5458.4963
 ------------------------------------------------------------------------------


 NSTEP =    16000   TIME(PS) =      16.000  TEMP(K) =   322.41  PRESS =     0.0
 Etot   =     -4312.8565  EKtot   =      1149.0759  EPtot      =     -5461.9324
 BOND   =        19.2061  ANGLE   =        28.4473  DIHED      =        32.0326
 UB     =         3.6699  IMP     =         0.7623  CMAP       =        -2.1146
 1-4 NB =        13.9292  1-4 EEL =      -248.1242  VDWAALS    =       846.3796
 EELEC  =     -6172.9394  EHBOND  =         0.0000  RESTRAINT  =        16.8188
 EAMBER (non-restraint)  =     -5478.7512
 ------------------------------------------------------------------------------


 NSTEP =    17000   TIME(PS) =      17.000  TEMP(K) =   311.36  PRESS =     0.0
 Etot   =     -4315.2791  EKtot   =      1109.6854  EPtot      =     -5424.9645
 BOND   =        10.1312  ANGLE   =        29.9509  DIHED      =        33.0765
 UB     =         3.8085  IMP     =         2.3123  CMAP       =        -1.0933
 1-4 NB =        17.9629  1-4 EEL =      -237.5310  VDWAALS    =       749.7016
 EELEC  =     -6048.4429  EHBOND  =         0.0000  RESTRAINT  =        15.1588
 EAMBER (non-restraint)  =     -5440.1233
 ------------------------------------------------------------------------------


 NSTEP =    18000   TIME(PS) =      18.000  TEMP(K) =   296.28  PRESS =     0.0
 Etot   =     -4313.1564  EKtot   =      1055.9362  EPtot      =     -5369.0925
 BOND   =        15.1927  ANGLE   =        28.8711  DIHED      =        31.5718
 UB     =         2.5743  IMP     =         0.9271  CMAP       =        -0.8073
 1-4 NB =        16.1062  1-4 EEL =      -237.5055  VDWAALS    =       828.4851
 EELEC  =     -6070.6976  EHBOND  =         0.0000  RESTRAINT  =        16.1897
 EAMBER (non-restraint)  =     -5385.2822
 ------------------------------------------------------------------------------


 NSTEP =    19000   TIME(PS) =      19.000  TEMP(K) =   308.18  PRESS =     0.0
 Etot   =     -4336.2424  EKtot   =      1098.3638  EPtot      =     -5434.6061
 BOND   =        17.2556  ANGLE   =        25.8151  DIHED      =        32.1842
 UB     =         2.9168  IMP     =         1.6659  CMAP       =        -1.4199
 1-4 NB =        15.0938  1-4 EEL =      -249.5910  VDWAALS    =       771.7307
 EELEC  =     -6065.5205  EHBOND  =         0.0000  RESTRAINT  =        15.2632
 EAMBER (non-restraint)  =     -5449.8694
 ------------------------------------------------------------------------------


 NSTEP =    20000   TIME(PS) =      20.000  TEMP(K) =   325.14  PRESS =     0.0
 Etot   =     -4259.2669  EKtot   =      1158.7931  EPtot      =     -5418.0600
 BOND   =         8.8364  ANGLE   =        32.1603  DIHED      =        31.3522
 UB     =         3.3546  IMP     =         1.3609  CMAP       =        -1.9610
 1-4 NB =        17.4898  1-4 EEL =      -231.1519  VDWAALS    =       784.5778
 EELEC  =     -6082.9273  EHBOND  =         0.0000  RESTRAINT  =        18.8482
 EAMBER (non-restraint)  =     -5436.9082
 ------------------------------------------------------------------------------


 NSTEP =    21000   TIME(PS) =      21.000  TEMP(K) =   312.96  PRESS =     0.0
 Etot   =     -4303.9736  EKtot   =      1115.3894  EPtot      =     -5419.3630
 BOND   =        13.7928  ANGLE   =        27.8651  DIHED      =        33.4601
 UB     =         3.0851  IMP     =         1.2572  CMAP       =        -1.4815
 1-4 NB =        16.6165  1-4 EEL =      -246.4807  VDWAALS    =       806.1953
 EELEC  =     -6092.5986  EHBOND  =         0.0000  RESTRAINT  =        18.9257
 EAMBER (non-restraint)  =     -5438.2887
 ------------------------------------------------------------------------------


 NSTEP =    22000   TIME(PS) =      22.000  TEMP(K) =   308.79  PRESS =     0.0
 Etot   =     -4360.1873  EKtot   =      1100.5254  EPtot      =     -5460.7127
 BOND   =        12.4309  ANGLE   =        29.4237  DIHED      =        30.9211
 UB     =         3.3010  IMP     =         1.0299  CMAP       =        -1.8311
 1-4 NB =        17.2031  1-4 EEL =      -240.4205  VDWAALS    =       789.5621
 EELEC  =     -6121.2759  EHBOND  =         0.0000  RESTRAINT  =        18.9430
 EAMBER (non-restraint)  =     -5479.6557
 ------------------------------------------------------------------------------


 NSTEP =    23000   TIME(PS) =      23.000  TEMP(K) =   295.84  PRESS =     0.0
 Etot   =     -4413.5818  EKtot   =      1054.3944  EPtot      =     -5467.9762
 BOND   =        15.4021  ANGLE   =        26.1019  DIHED      =        30.9030
 UB     =         3.1180  IMP     =         3.7871  CMAP       =        -1.9988
 1-4 NB =        15.7183  1-4 EEL =      -233.1123  VDWAALS    =       766.1877
 EELEC  =     -6111.0516  EHBOND  =         0.0000  RESTRAINT  =        16.9683
 EAMBER (non-restraint)  =     -5484.9445
 ------------------------------------------------------------------------------


 NSTEP =    24000   TIME(PS) =      24.000  TEMP(K) =   300.22  PRESS =     0.0
 Etot   =     -4411.4332  EKtot   =      1070.0074  EPtot      =     -5481.4407
 BOND   =        20.1441  ANGLE   =        31.7055  DIHED      =        31.0390
 UB     =         3.1445  IMP     =         0.6223  CMAP       =        -0.6637
 1-4 NB =        12.4698  1-4 EEL =      -247.9595  VDWAALS    =       808.4000
 EELEC  =     -6162.0922  EHBOND  =         0.0000  RESTRAINT  =        21.7496
 EAMBER (non-restraint)  =     -5503.1903
 ------------------------------------------------------------------------------


 NSTEP =    25000   TIME(PS) =      25.000  TEMP(K) =   300.46  PRESS =     0.0
 Etot   =     -4412.4205  EKtot   =      1070.8470  EPtot      =     -5483.2676
 BOND   =        14.0903  ANGLE   =        26.6724  DIHED      =        30.4045
 UB     =         3.9609  IMP     =         1.9590  CMAP       =        -2.0277
 1-4 NB =        16.8827  1-4 EEL =      -245.4824  VDWAALS    =       743.9806
 EELEC  =     -6093.1720  EHBOND  =         0.0000  RESTRAINT  =        19.4641
 EAMBER (non-restraint)  =     -5502.7317
 ------------------------------------------------------------------------------


      A V E R A G E S   O V E R      25 S T E P S


 NSTEP =    25000   TIME(PS) =      25.000  TEMP(K) =   304.58  PRESS =     0.0
 Etot   =     -4396.6058  EKtot   =      1085.5334  EPtot      =     -5482.1392
 BOND   =        14.7382  ANGLE   =        28.1034  DIHED      =        32.5907
 UB     =         3.0797  IMP     =         2.0081  CMAP       =        -1.3979
 1-4 NB =        15.2921  1-4 EEL =      -242.6465  VDWAALS    =       786.4951
 EELEC  =     -6138.9841  EHBOND  =         0.0000  RESTRAINT  =        18.5820
 EAMBER (non-restraint)  =     -5500.7212
 ------------------------------------------------------------------------------


      R M S  F L U C T U A T I O N S


 NSTEP =    25000   TIME(PS) =      25.000  TEMP(K) =    15.42  PRESS =     0.0
 Etot   =       157.1069  EKtot   =        54.9535  EPtot      =       107.9664
 BOND   =         3.0362  ANGLE   =         2.7004  DIHED      =         1.5617
 UB     =         0.5232  IMP     =         0.9844  CMAP       =         0.7902
 1-4 NB =         1.5934  1-4 EEL =         5.9630  VDWAALS    =        44.8864
 EELEC  =       138.8003  EHBOND  =         0.0000  RESTRAINT  =         2.8361
 EAMBER (non-restraint)  =       105.1303
 ------------------------------------------------------------------------------

--------------------------------------------------------------------------------
   5.  TIMINGS
--------------------------------------------------------------------------------

|  NonSetup CPU Time in Major Routines:
|
|     Routine           Sec        %
|     ------------------------------
|     Nonbond           3.96   53.99
|     Bond              0.00    0.00
|     Angle             0.00    0.00
|     Dihedral          0.00    0.00
|     Shake             0.25    3.46
|     RunMD             3.11   42.36
|     Other             0.01    0.19
|     ------------------------------
|     Total             7.34

|  PME Nonbond Pairlist CPU Time:
|
|     Routine              Sec        %
|     ---------------------------------
|     Set Up Cit           0.00    0.00
|     Build List           0.00    0.00
|     ---------------------------------
|     Total                0.00    0.00

|  PME Direct Force CPU Time:
|
|     Routine              Sec        %
|     ---------------------------------
|     NonBonded Calc       0.00    0.00
|     Exclude Masked       0.00    0.00
|     Other                0.01    0.10
|     ---------------------------------
|     Total                0.01    0.10

|  PME Reciprocal Force CPU Time:
|
|     Routine              Sec        %
|     ---------------------------------
|     1D bspline           0.00    0.00
|     Grid Charges         0.00    0.00
|     Scalar Sum           0.00    0.00
|     Gradient Sum         0.00    0.00
|     FFT                  0.00    0.00
|     ---------------------------------
|     Total                0.00    0.00

|  Final Performance Info:
|     -----------------------------------------------------
|     Average timings for last   25000 steps:
|     Elapsed(s) =       7.35 Per Step(ms) =       0.29
|         ns/day =     293.74   seconds/ns =     294.13
|
|     Average timings for all steps:
|     Elapsed(s) =       7.35 Per Step(ms) =       0.29
|         ns/day =     293.74   seconds/ns =     294.13
|     -----------------------------------------------------

|  Setup CPU time:            0.70 seconds
|  NonSetup CPU time:         7.34 seconds
|  Total CPU time:            8.04 seconds     0.00 hours

|  Setup wall time:           1    seconds
|  NonSetup wall time:        7    seconds
|  Total wall time:           8    seconds     0.00 hours
