
          -------------------------------------------------------
          Amber 16 PMEMD                              2016
          -------------------------------------------------------

| PMEMD implementation of SANDER, Release 16

| Run on 04/18/2018 at 15:05:07

|   Executable path: /cm/shared/apps/amber16_cuda/bin/pmemd.cuda
| Working directory: /shared2/work/wesley/Piezo/piezo_anton/Anton_HMR_Testing/charmm-gui_ARFwaterbox/peptide_water_HMR_AMBER_to_Anton_Test/standard
|          Hostname: node005

  [-O]verwriting output

File Assignments:
|   MDIN: step4.2_equilibration.mdin                                            
|  MDOUT: step4.2_equilibration.out                                             
| INPCRD: step4.1_equilibration.rst7                                            
|   PARM: step2_charmm2amber.parm7                                              
| RESTRT: step4.2_equilibration.rst7                                            
|   REFC: step4.1_equilibration.rst7                                            
|  MDVEL: mdvel                                                                 
|   MDEN: mden                                                                  
|  MDCRD: step4.2_equilibration.nc                                              
| MDINFO: mdinfo                                                                
|  MDFRC: mdfrc                                                                 


 Here is the input file:

A NVT simulation for common production-level simulations                       
 &cntrl                                                                        
    imin=0,        ! No minimization                                           
    irest=0,       ! This is NOT a restart of an old MD simulation             
    ntx=1,         ! So our inpcrd file has no velocities                      
                                                                               
    ! Temperature control                                                      
    ntt=3,         ! Langevin dynamics                                         
    gamma_ln=1.0,  ! Friction coefficient (ps^-1)                              
    tempi=310.15,   ! Initial temp -- give it some small random velocities     
    temp0=310.15,   ! Target temperature                                       
                                                                               
    ! Potential energy control                                                 
    cut=6.0,      ! Nonbonded cutoff, in Angstroms                             
    fswitch=5.0,  ! Force-based switching                                      
                                                                               
    ! MD settings                                                              
    nstlim=25000,  ! 25K steps, 25 ps total                                    
    dt=0.001,      ! time step (ps)                                            
                                                                               
    ! SHAKE                                                                    
    ntc=2,         ! Constrain bonds containing hydrogen                       
    ntf=2,         ! Do not calculate forces of bonds containing hydrogen      
                                                                               
    ! Control how often information is printed                                 
    ntpr=1000,     ! Print energies every 1000 steps                           
    ntwx=1000,     ! Print coordinates every 1000 steps to the trajectory      
    ntwr=10000,    ! Print a restart file every 10K steps (can be less frequent
!   ntwv=-1,       ! Uncomment to also print velocities to trajectory          
!   ntwf=-1,       ! Uncomment to also print forces to trajectory              
    ntxo=2,        ! Write NetCDF format                                       
    ioutfm=1,      ! Write NetCDF format (always do this!)                     
                                                                               
    ! Wrap coordinates when printing them to the same unit cell                
    iwrap=0,                                                                   
                                                                               
    ! Restraint options                                                        
    ntr=1,         ! Positional restraints for proteins, sugars, ligands, and l
    !nmropt=1,      ! Dihedral restraints for sugars and lipids                
                                                                               
    ! Set water atom/residue names for SETTLE recognition                      
    watnam='WAT',  ! Water residues are named WAT                              
    owtnm='O',     ! Water oxygens are named O                                 
 /                                                                             
                                                                               
 &ewald                                                                        
    vdwmeth = 0,                                                               
 /                                                                             
                                                                               
 &wt                                                                           
 	type='END'                                                                   
 /                                                                             
Protein posres                                                                 
2.0                                                                            
RES 1 3                                                                        
END                                                                            
END                                                                            
                                                                               


Note: ig = -1. Setting random seed to   747939 based on wallclock time in 
      microseconds.
 
|--------------------- INFORMATION ----------------------
| GPU (CUDA) Version of PMEMD in use: NVIDIA GPU IN USE.
|                    Version 16.0.0
| 
|                      02/25/2016
| 
| Implementation by:
|                    Ross C. Walker     (SDSC)
|                    Scott Le Grand     (nVIDIA)
| 
| Precision model in use:
|      [SPFP] - Single Precision Forces, 64-bit Fixed Point
|               Accumulation. (Default)
| 
|--------------------------------------------------------
 
|----------------- CITATION INFORMATION -----------------
|
|    When publishing work that utilized the CUDA version
|    of AMBER, please cite the following in addition to
|    the regular AMBER citations:
|
|  - Romelia Salomon-Ferrer; Andreas W. Goetz; Duncan
|    Poole; Scott Le Grand; Ross C. Walker "Routine
|    microsecond molecular dynamics simulations with
|    AMBER - Part II: Particle Mesh Ewald", J. Chem.
|    Theory Comput., 2013, 9 (9), pp3878-3888,
|    DOI: 10.1021/ct400314y.
|
|  - Andreas W. Goetz; Mark J. Williamson; Dong Xu;
|    Duncan Poole; Scott Le Grand; Ross C. Walker
|    "Routine microsecond molecular dynamics simulations
|    with AMBER - Part I: Generalized Born", J. Chem.
|    Theory Comput., 2012, 8 (5), pp1542-1555.
|
|  - Scott Le Grand; Andreas W. Goetz; Ross C. Walker
|    "SPFP: Speed without compromise - a mixed precision
|    model for GPU accelerated molecular dynamics
|    simulations.", Comp. Phys. Comm., 2013, 184
|    pp374-380, DOI: 10.1016/j.cpc.2012.09.022
|
|--------------------------------------------------------
 
|------------------- GPU DEVICE INFO --------------------
|
|            CUDA_VISIBLE_DEVICES: 0
|   CUDA Capable Devices Detected:      1
|           CUDA Device ID in use:      0
|                CUDA Device Name: GeForce GTX 980
|     CUDA Device Global Mem Size:   4095 MB
| CUDA Device Num Multiprocessors:     16
|           CUDA Device Core Freq:   1.22 GHz
|
|--------------------------------------------------------
 
 
| Conditional Compilation Defines Used:
| PUBFFT
| BINTRAJ
| CUDA
| EMIL

| Largest sphere to fit in unit cell has radius =    13.895

| New format PARM file being parsed.
| Version =    1.000 Date = 04/18/18 Time = 14:10:35
| Force field information read from topology file: 
|              >>>> CHARMM36 All-Hydrogen Parameter File for Proteins <<<<<<<<<<  
|      CHARMM: >>>>>>>>>>>> All-hydrogen parameters used in the <<<<<<<<<<<<<<<<  
|
|CHARMM: CHARMM force field in use. 
|
|CHARMM: CHARMM force field in use. 

| Note: 1-4 EEL scale factors are being read from the topology file.

| Note: 1-4 VDW scale factors are being read from the topology file.
| INFO: Off Diagonal (NBFIX) LJ terms found in prmtop file.
|       The prmtop file has been modified to support atom
|       type based pairwise Lennard-Jones terms.
| Duplicated    0 dihedrals

| Duplicated    0 dihedrals

--------------------------------------------------------------------------------
   1.  RESOURCE   USE: 
--------------------------------------------------------------------------------

 getting box info from netcdf restart file
 NATOM  =    1776 NTYPES =      18 NBONH =    1741 MBONA  =      32
 NTHETH =     642 MTHETA =      41 NPHIH =     112 MPHIA  =      63
 NHPARM =       0 NPARM  =       0 NNB   =    2616 NRES   =     575
 NBONA  =      32 NTHETA =      41 NPHIA =      63 NUMBND =      21
 NUMANG =      41 NPTRA  =      72 NATYP =       1 NPHB   =       0
 IFBOX  =       1 NMXRS  =      26 IFCAP =       0 NEXTRA =       0
 NCOPY  =       0

|CHARMM: Reticulating splines.

| Coordinate Index Table dimensions:     8    7    7
| Direct force subcell size =     3.5137    3.9700    3.9871

     BOX TYPE: RECTILINEAR

--------------------------------------------------------------------------------
   2.  CONTROL  DATA  FOR  THE  RUN
--------------------------------------------------------------------------------

                                                                                

General flags:
     imin    =       0, nmropt  =       0

Nature and format of input:
     ntx     =       1, irest   =       0, ntrx    =       1

Nature and format of output:
     ntxo    =       2, ntpr    =    1000, ntrx    =       1, ntwr    =   10000
     iwrap   =       0, ntwx    =    1000, ntwv    =       0, ntwe    =       0
     ioutfm  =       1, ntwprt  =       0, idecomp =       0, rbornstat=      0

Potential function:
     ntf     =       2, ntb     =       1, igb     =       0, nsnb    =      25
     ipol    =       0, gbsa    =       0, iesp    =       0
     dielc   =   1.00000, cut     =   6.00000, intdiel =   1.00000

Frozen or restrained atoms:
     ibelly  =       0, ntr     =       1
     restraint_wt =   0.00000

Molecular dynamics:
     nstlim  =     25000, nscm    =         0, nrespa  =         1
     t       =   0.00000, dt      =   0.00100, vlimit  =  -1.00000

Langevin dynamics temperature regulation:
     ig      =  747939
     temp0   = 310.15000, tempi   = 310.15000, gamma_ln=   1.00000

SHAKE:
     ntc     =       2, jfastw  =       0
     tol     =   0.00001

| Intermolecular bonds treatment:
|     no_intermolecular_bonds =       1

| Energy averages sample interval:
|     ene_avg_sampling =    1000

Ewald parameters:
     verbose =       0, ew_type =       0, nbflag  =       1, use_pme =       1
     vdwmeth =       0, eedmeth =       1, netfrc  =       1
     Box X =   28.110   Box Y =   27.790   Box Z =   27.910
     Alpha =   90.000   Beta  =   90.000   Gamma =   90.000
     NFFT1 =   32       NFFT2 =   28       NFFT3 =   28
     Cutoff=    6.000   Tol   =0.100E-04
     Ewald Coefficient =  0.47291
     Interpolation order =    4

    LOADING THE CONSTRAINED ATOMS AS GROUPS


   5.  REFERENCE ATOM COORDINATES

                                                                                  
    ----- READING GROUP     1; TITLE:
 Protein posres                                                              

     GROUP    1 HAS HARMONIC CONSTRAINTS     2.00000
 GRP    1 RES    1 TO     3
      Number of atoms in this group  =    66
    ----- END OF GROUP READ -----

--------------------------------------------------------------------------------
   3.  ATOMIC COORDINATES AND VELOCITIES
--------------------------------------------------------------------------------

                                                                                
 begin time read from input coords =    25.000 ps

 
 Number of triangulated 3-point waters found:      569

     Sum of charges from parm topology file =   0.00000000
     Forcing neutrality...

| Dynamic Memory, Types Used:
| Reals              162873
| Integers            47336

| Nonbonded Pairs Initial Allocation:      142390

| GPU memory information (estimate):
| KB of GPU memory in use:      9547
| KB of CPU memory in use:      2659

--------------------------------------------------------------------------------
   4.  RESULTS
--------------------------------------------------------------------------------

 ---------------------------------------------------
 APPROXIMATING switch and d/dx switch using CUBIC SPLINE INTERPOLATION
 using   5000.0 points per unit in tabled values
 TESTING RELATIVE ERROR over r ranging from 0.0 to cutoff
| CHECK switch(x): max rel err =   0.2738E-14   at   2.422500
| CHECK d/dx switch(x): max rel err =   0.8465E-11   at   2.832440
 ---------------------------------------------------
|---------------------------------------------------
| APPROXIMATING direct energy using CUBIC SPLINE INTERPOLATION
|  with   50.0 points per unit in tabled values
| Relative Error Limit not exceeded for r .gt.   2.92
| APPROXIMATING direct force using CUBIC SPLINE INTERPOLATION
|  with   50.0 points per unit in tabled values
| Relative Error Limit not exceeded for r .gt.   3.28
|---------------------------------------------------

 NSTEP =        0   TIME(PS) =       0.000  TEMP(K) =   461.96  PRESS =     0.0
 Etot   =     -3775.9457  EKtot   =      1646.4306  EPtot      =     -5422.3762
 BOND   =        18.8941  ANGLE   =        32.7049  DIHED      =        32.2684
 UB     =         3.3964  IMP     =         1.5274  CMAP       =        -3.0493
 1-4 NB =        15.2803  1-4 EEL =      -250.9970  VDWAALS    =       771.2296
 EELEC  =     -6043.6311  EHBOND  =         0.0000  RESTRAINT  =         0.0000
 ------------------------------------------------------------------------------


 NSTEP =     1000   TIME(PS) =       1.000  TEMP(K) =   318.15  PRESS =     0.0
 Etot   =     -4329.8425  EKtot   =      1133.8931  EPtot      =     -5463.7355
 BOND   =        14.9816  ANGLE   =        27.5098  DIHED      =        30.1868
 UB     =         3.6419  IMP     =         0.7592  CMAP       =        -3.5171
 1-4 NB =        13.0752  1-4 EEL =      -242.2283  VDWAALS    =       742.0629
 EELEC  =     -6064.1957  EHBOND  =         0.0000  RESTRAINT  =        13.9882
 EAMBER (non-restraint)  =     -5477.7237
 ------------------------------------------------------------------------------


 NSTEP =     2000   TIME(PS) =       2.000  TEMP(K) =   316.39  PRESS =     0.0
 Etot   =     -4268.0490  EKtot   =      1127.6399  EPtot      =     -5395.6889
 BOND   =        21.4809  ANGLE   =        28.9109  DIHED      =        34.6587
 UB     =         7.0138  IMP     =         2.4679  CMAP       =        -4.2959
 1-4 NB =        14.9456  1-4 EEL =      -261.3190  VDWAALS    =       779.2407
 EELEC  =     -6028.6888  EHBOND  =         0.0000  RESTRAINT  =         9.8963
 EAMBER (non-restraint)  =     -5405.5852
 ------------------------------------------------------------------------------


 NSTEP =     3000   TIME(PS) =       3.000  TEMP(K) =   312.17  PRESS =     0.0
 Etot   =     -4280.2902  EKtot   =      1112.5760  EPtot      =     -5392.8663
 BOND   =        15.0096  ANGLE   =        32.9707  DIHED      =        35.6552
 UB     =         3.2523  IMP     =         0.8568  CMAP       =        -3.3780
 1-4 NB =        17.3804  1-4 EEL =      -253.5369  VDWAALS    =       772.3447
 EELEC  =     -6023.9674  EHBOND  =         0.0000  RESTRAINT  =        10.5462
 EAMBER (non-restraint)  =     -5403.4125
 ------------------------------------------------------------------------------


 NSTEP =     4000   TIME(PS) =       4.000  TEMP(K) =   312.93  PRESS =     0.0
 Etot   =     -4247.0971  EKtot   =      1115.3026  EPtot      =     -5362.3997
 BOND   =        18.2609  ANGLE   =        27.0453  DIHED      =        30.1660
 UB     =         2.6585  IMP     =         1.2276  CMAP       =        -2.8072
 1-4 NB =        16.8750  1-4 EEL =      -240.1536  VDWAALS    =       769.4126
 EELEC  =     -6001.5071  EHBOND  =         0.0000  RESTRAINT  =        16.4222
 EAMBER (non-restraint)  =     -5378.8220
 ------------------------------------------------------------------------------


 NSTEP =     5000   TIME(PS) =       5.000  TEMP(K) =   312.61  PRESS =     0.0
 Etot   =     -4301.7214  EKtot   =      1114.1624  EPtot      =     -5415.8838
 BOND   =        22.3890  ANGLE   =        24.6390  DIHED      =        31.5591
 UB     =         5.1961  IMP     =         1.4908  CMAP       =        -2.5847
 1-4 NB =        15.5567  1-4 EEL =      -253.5978  VDWAALS    =       771.0753
 EELEC  =     -6043.6918  EHBOND  =         0.0000  RESTRAINT  =        12.0846
 EAMBER (non-restraint)  =     -5427.9684
 ------------------------------------------------------------------------------


 NSTEP =     6000   TIME(PS) =       6.000  TEMP(K) =   313.92  PRESS =     0.0
 Etot   =     -4335.0000  EKtot   =      1118.8154  EPtot      =     -5453.8154
 BOND   =        15.0833  ANGLE   =        35.7691  DIHED      =        34.0208
 UB     =         5.2521  IMP     =         2.8943  CMAP       =        -2.3989
 1-4 NB =        13.7697  1-4 EEL =      -254.7578  VDWAALS    =       765.4411
 EELEC  =     -6082.2073  EHBOND  =         0.0000  RESTRAINT  =        13.3182
 EAMBER (non-restraint)  =     -5467.1336
 ------------------------------------------------------------------------------


 NSTEP =     7000   TIME(PS) =       7.000  TEMP(K) =   311.61  PRESS =     0.0
 Etot   =     -4303.1311  EKtot   =      1110.5762  EPtot      =     -5413.7073
 BOND   =        15.0529  ANGLE   =        30.3203  DIHED      =        31.4613
 UB     =         4.3076  IMP     =         3.6407  CMAP       =        -2.8188
 1-4 NB =        14.7876  1-4 EEL =      -245.9992  VDWAALS    =       770.8747
 EELEC  =     -6045.3656  EHBOND  =         0.0000  RESTRAINT  =        10.0313
 EAMBER (non-restraint)  =     -5423.7386
 ------------------------------------------------------------------------------


 NSTEP =     8000   TIME(PS) =       8.000  TEMP(K) =   303.79  PRESS =     0.0
 Etot   =     -4365.7784  EKtot   =      1082.7046  EPtot      =     -5448.4829
 BOND   =         7.6454  ANGLE   =        31.0923  DIHED      =        34.2532
 UB     =         2.2088  IMP     =         1.0282  CMAP       =        -1.4386
 1-4 NB =        14.9401  1-4 EEL =      -234.8019  VDWAALS    =       814.2160
 EELEC  =     -6129.7457  EHBOND  =         0.0000  RESTRAINT  =        12.1192
 EAMBER (non-restraint)  =     -5460.6021
 ------------------------------------------------------------------------------


 NSTEP =     9000   TIME(PS) =       9.000  TEMP(K) =   310.44  PRESS =     0.0
 Etot   =     -4396.0303  EKtot   =      1106.4319  EPtot      =     -5502.4621
 BOND   =        16.8975  ANGLE   =        26.8462  DIHED      =        34.2761
 UB     =         4.2911  IMP     =         1.3990  CMAP       =        -3.3865
 1-4 NB =        14.6424  1-4 EEL =      -251.4131  VDWAALS    =       765.6769
 EELEC  =     -6132.5060  EHBOND  =         0.0000  RESTRAINT  =        20.8143
 EAMBER (non-restraint)  =     -5523.2764
 ------------------------------------------------------------------------------


 NSTEP =    10000   TIME(PS) =      10.000  TEMP(K) =   324.30  PRESS =     0.0
 Etot   =     -4330.7440  EKtot   =      1155.8149  EPtot      =     -5486.5590
 BOND   =        16.3675  ANGLE   =        23.2017  DIHED      =        31.0889
 UB     =         2.8015  IMP     =         1.4703  CMAP       =        -3.4817
 1-4 NB =        14.9604  1-4 EEL =      -232.8902  VDWAALS    =       806.4875
 EELEC  =     -6160.0165  EHBOND  =         0.0000  RESTRAINT  =        13.4516
 EAMBER (non-restraint)  =     -5500.0106
 ------------------------------------------------------------------------------


 NSTEP =    11000   TIME(PS) =      11.000  TEMP(K) =   306.17  PRESS =     0.0
 Etot   =     -4341.3557  EKtot   =      1091.1892  EPtot      =     -5432.5449
 BOND   =        16.4923  ANGLE   =        30.4203  DIHED      =        37.9080
 UB     =         4.5964  IMP     =         2.8663  CMAP       =        -3.3477
 1-4 NB =        13.2835  1-4 EEL =      -252.9320  VDWAALS    =       740.2302
 EELEC  =     -6034.2753  EHBOND  =         0.0000  RESTRAINT  =        12.2131
 EAMBER (non-restraint)  =     -5444.7579
 ------------------------------------------------------------------------------


 NSTEP =    12000   TIME(PS) =      12.000  TEMP(K) =   309.14  PRESS =     0.0
 Etot   =     -4439.5463  EKtot   =      1101.7906  EPtot      =     -5541.3369
 BOND   =         6.5478  ANGLE   =        26.9813  DIHED      =        30.6424
 UB     =         2.8360  IMP     =         3.9551  CMAP       =        -1.8933
 1-4 NB =        14.2630  1-4 EEL =      -234.4260  VDWAALS    =       806.6373
 EELEC  =     -6206.7762  EHBOND  =         0.0000  RESTRAINT  =         9.8956
 EAMBER (non-restraint)  =     -5551.2325
 ------------------------------------------------------------------------------


 NSTEP =    13000   TIME(PS) =      13.000  TEMP(K) =   298.65  PRESS =     0.0
 Etot   =     -4460.9886  EKtot   =      1064.3811  EPtot      =     -5525.3698
 BOND   =        16.3301  ANGLE   =        25.4777  DIHED      =        33.8325
 UB     =         2.7996  IMP     =         1.3114  CMAP       =        -4.3163
 1-4 NB =        13.8261  1-4 EEL =      -240.0823  VDWAALS    =       866.3235
 EELEC  =     -6251.0614  EHBOND  =         0.0000  RESTRAINT  =        10.1893
 EAMBER (non-restraint)  =     -5535.5591
 ------------------------------------------------------------------------------


 NSTEP =    14000   TIME(PS) =      14.000  TEMP(K) =   298.96  PRESS =     0.0
 Etot   =     -4387.6353  EKtot   =      1065.4911  EPtot      =     -5453.1263
 BOND   =        13.5819  ANGLE   =        28.4650  DIHED      =        40.2280
 UB     =         2.2086  IMP     =         1.5007  CMAP       =        -1.9716
 1-4 NB =        17.0679  1-4 EEL =      -247.9373  VDWAALS    =       773.3988
 EELEC  =     -6094.5127  EHBOND  =         0.0000  RESTRAINT  =        14.8445
 EAMBER (non-restraint)  =     -5467.9708
 ------------------------------------------------------------------------------


 NSTEP =    15000   TIME(PS) =      15.000  TEMP(K) =   308.29  PRESS =     0.0
 Etot   =     -4351.4742  EKtot   =      1098.7605  EPtot      =     -5450.2347
 BOND   =        18.0800  ANGLE   =        17.9579  DIHED      =        33.9284
 UB     =         2.8621  IMP     =         2.1375  CMAP       =        -3.9996
 1-4 NB =        12.1682  1-4 EEL =      -242.5433  VDWAALS    =       780.4867
 EELEC  =     -6082.1978  EHBOND  =         0.0000  RESTRAINT  =        10.8853
 EAMBER (non-restraint)  =     -5461.1199
 ------------------------------------------------------------------------------


 NSTEP =    16000   TIME(PS) =      16.000  TEMP(K) =   315.15  PRESS =     0.0
 Etot   =     -4375.4556  EKtot   =      1123.2081  EPtot      =     -5498.6638
 BOND   =        19.7996  ANGLE   =        30.2452  DIHED      =        34.5195
 UB     =         3.1636  IMP     =         4.7273  CMAP       =        -4.1238
 1-4 NB =        15.7526  1-4 EEL =      -254.7481  VDWAALS    =       812.1635
 EELEC  =     -6169.3095  EHBOND  =         0.0000  RESTRAINT  =         9.1463
 EAMBER (non-restraint)  =     -5507.8101
 ------------------------------------------------------------------------------


 NSTEP =    17000   TIME(PS) =      17.000  TEMP(K) =   322.13  PRESS =     0.0
 Etot   =     -4365.8247  EKtot   =      1148.0752  EPtot      =     -5513.8999
 BOND   =        16.7478  ANGLE   =        30.2764  DIHED      =        29.2507
 UB     =         3.4044  IMP     =         1.4746  CMAP       =        -1.2753
 1-4 NB =        16.0176  1-4 EEL =      -243.3114  VDWAALS    =       801.4101
 EELEC  =     -6179.4919  EHBOND  =         0.0000  RESTRAINT  =        11.5972
 EAMBER (non-restraint)  =     -5525.4971
 ------------------------------------------------------------------------------


 NSTEP =    18000   TIME(PS) =      18.000  TEMP(K) =   300.29  PRESS =     0.0
 Etot   =     -4388.0547  EKtot   =      1070.2252  EPtot      =     -5458.2800
 BOND   =        19.5509  ANGLE   =        36.1302  DIHED      =        39.4972
 UB     =         5.0878  IMP     =         2.4598  CMAP       =        -2.4249
 1-4 NB =        15.2097  1-4 EEL =      -255.7496  VDWAALS    =       733.3704
 EELEC  =     -6063.5984  EHBOND  =         0.0000  RESTRAINT  =        12.1870
 EAMBER (non-restraint)  =     -5470.4670
 ------------------------------------------------------------------------------


 NSTEP =    19000   TIME(PS) =      19.000  TEMP(K) =   306.14  PRESS =     0.0
 Etot   =     -4399.1354  EKtot   =      1091.1069  EPtot      =     -5490.2423
 BOND   =        20.6271  ANGLE   =        29.8154  DIHED      =        35.6532
 UB     =         3.4431  IMP     =         1.3336  CMAP       =        -3.2042
 1-4 NB =        15.0285  1-4 EEL =      -250.4246  VDWAALS    =       718.1688
 EELEC  =     -6073.7891  EHBOND  =         0.0000  RESTRAINT  =        13.1058
 EAMBER (non-restraint)  =     -5503.3481
 ------------------------------------------------------------------------------


 NSTEP =    20000   TIME(PS) =      20.000  TEMP(K) =   321.57  PRESS =     0.0
 Etot   =     -4370.1492  EKtot   =      1146.1021  EPtot      =     -5516.2513
 BOND   =        16.5458  ANGLE   =        32.4808  DIHED      =        34.5015
 UB     =         4.1003  IMP     =         1.8456  CMAP       =        -1.8566
 1-4 NB =        15.6403  1-4 EEL =      -250.2726  VDWAALS    =       786.3460
 EELEC  =     -6167.1770  EHBOND  =         0.0000  RESTRAINT  =        11.5946
 EAMBER (non-restraint)  =     -5527.8459
 ------------------------------------------------------------------------------


 NSTEP =    21000   TIME(PS) =      21.000  TEMP(K) =   311.82  PRESS =     0.0
 Etot   =     -4338.8119  EKtot   =      1111.3225  EPtot      =     -5450.1344
 BOND   =        16.9411  ANGLE   =        34.6848  DIHED      =        38.7974
 UB     =         3.9596  IMP     =         2.1131  CMAP       =        -4.7096
 1-4 NB =        14.8053  1-4 EEL =      -248.9856  VDWAALS    =       708.7226
 EELEC  =     -6027.5868  EHBOND  =         0.0000  RESTRAINT  =        11.1236
 EAMBER (non-restraint)  =     -5461.2580
 ------------------------------------------------------------------------------


 NSTEP =    22000   TIME(PS) =      22.000  TEMP(K) =   313.23  PRESS =     0.0
 Etot   =     -4359.8075  EKtot   =      1116.3474  EPtot      =     -5476.1549
 BOND   =        16.8129  ANGLE   =        35.2833  DIHED      =        29.4892
 UB     =         4.4190  IMP     =         1.3342  CMAP       =        -4.2615
 1-4 NB =        12.3489  1-4 EEL =      -252.3456  VDWAALS    =       747.4134
 EELEC  =     -6084.0257  EHBOND  =         0.0000  RESTRAINT  =        17.3770
 EAMBER (non-restraint)  =     -5493.5319
 ------------------------------------------------------------------------------


 NSTEP =    23000   TIME(PS) =      23.000  TEMP(K) =   315.28  PRESS =     0.0
 Etot   =     -4425.8017  EKtot   =      1123.6555  EPtot      =     -5549.4572
 BOND   =        17.1494  ANGLE   =        26.9031  DIHED      =        30.8251
 UB     =         3.0504  IMP     =         2.1147  CMAP       =        -3.9195
 1-4 NB =        14.7060  1-4 EEL =      -237.6239  VDWAALS    =       822.2018
 EELEC  =     -6238.0736  EHBOND  =         0.0000  RESTRAINT  =        13.2094
 EAMBER (non-restraint)  =     -5562.6666
 ------------------------------------------------------------------------------


 NSTEP =    24000   TIME(PS) =      24.000  TEMP(K) =   315.52  PRESS =     0.0
 Etot   =     -4328.3746  EKtot   =      1124.5247  EPtot      =     -5452.8993
 BOND   =        17.5832  ANGLE   =        27.5196  DIHED      =        34.3970
 UB     =         2.9647  IMP     =         3.0294  CMAP       =        -5.2649
 1-4 NB =        13.7256  1-4 EEL =      -237.6822  VDWAALS    =       741.1551
 EELEC  =     -6064.7704  EHBOND  =         0.0000  RESTRAINT  =        14.4438
 EAMBER (non-restraint)  =     -5467.3430
 ------------------------------------------------------------------------------


 NSTEP =    25000   TIME(PS) =      25.000  TEMP(K) =   303.07  PRESS =     0.0
 Etot   =     -4294.4950  EKtot   =      1080.1427  EPtot      =     -5374.6377
 BOND   =        16.7659  ANGLE   =        29.8955  DIHED      =        34.4547
 UB     =         2.9700  IMP     =         1.8524  CMAP       =        -3.1222
 1-4 NB =        12.2985  1-4 EEL =      -236.4049  VDWAALS    =       756.0721
 EELEC  =     -6001.0776  EHBOND  =         0.0000  RESTRAINT  =        11.6578
 EAMBER (non-restraint)  =     -5386.2955
 ------------------------------------------------------------------------------


      A V E R A G E S   O V E R      25 S T E P S


 NSTEP =    25000   TIME(PS) =      25.000  TEMP(K) =   311.27  PRESS =     0.0
 Etot   =     -4351.3838  EKtot   =      1109.3696  EPtot      =     -5460.7534
 BOND   =        16.5090  ANGLE   =        29.2337  DIHED      =        33.8100
 UB     =         3.6996  IMP     =         2.0516  CMAP       =        -3.1919
 1-4 NB =        14.6830  1-4 EEL =      -246.2467  VDWAALS    =       774.0373
 EELEC  =     -6097.9846  EHBOND  =         0.0000  RESTRAINT  =        12.6457
 EAMBER (non-restraint)  =     -5473.3991
 ------------------------------------------------------------------------------


      R M S  F L U C T U A T I O N S


 NSTEP =    25000   TIME(PS) =      25.000  TEMP(K) =     6.80  PRESS =     0.0
 Etot   =        51.5856  EKtot   =        24.2208  EPtot      =        49.3567
 BOND   =         3.4591  ANGLE   =         4.0810  DIHED      =         3.0182
 UB     =         1.1056  IMP     =         0.9837  CMAP       =         1.0227
 1-4 NB =         1.3809  1-4 EEL =         7.8213  VDWAALS    =        34.9263
 EELEC  =        70.9614  EHBOND  =         0.0000  RESTRAINT  =         2.6008
 EAMBER (non-restraint)  =        46.7559
 ------------------------------------------------------------------------------

--------------------------------------------------------------------------------
   5.  TIMINGS
--------------------------------------------------------------------------------

|  NonSetup CPU Time in Major Routines:
|
|     Routine           Sec        %
|     ------------------------------
|     Nonbond           3.96   54.04
|     Bond              0.00    0.00
|     Angle             0.00    0.00
|     Dihedral          0.00    0.00
|     Shake             0.25    3.48
|     RunMD             3.10   42.25
|     Other             0.02    0.23
|     ------------------------------
|     Total             7.33

|  PME Nonbond Pairlist CPU Time:
|
|     Routine              Sec        %
|     ---------------------------------
|     Set Up Cit           0.00    0.00
|     Build List           0.00    0.00
|     ---------------------------------
|     Total                0.00    0.00

|  PME Direct Force CPU Time:
|
|     Routine              Sec        %
|     ---------------------------------
|     NonBonded Calc       0.00    0.00
|     Exclude Masked       0.00    0.00
|     Other                0.01    0.14
|     ---------------------------------
|     Total                0.01    0.14

|  PME Reciprocal Force CPU Time:
|
|     Routine              Sec        %
|     ---------------------------------
|     1D bspline           0.00    0.00
|     Grid Charges         0.00    0.00
|     Scalar Sum           0.00    0.00
|     Gradient Sum         0.00    0.00
|     FFT                  0.00    0.00
|     ---------------------------------
|     Total                0.00    0.00

|  Final Performance Info:
|     -----------------------------------------------------
|     Average timings for last   25000 steps:
|     Elapsed(s) =       7.35 Per Step(ms) =       0.29
|         ns/day =     294.06   seconds/ns =     293.82
|
|     Average timings for all steps:
|     Elapsed(s) =       7.35 Per Step(ms) =       0.29
|         ns/day =     294.06   seconds/ns =     293.82
|     -----------------------------------------------------

|  Setup CPU time:            0.71 seconds
|  NonSetup CPU time:         7.33 seconds
|  Total CPU time:            8.04 seconds     0.00 hours

|  Setup wall time:           0    seconds
|  NonSetup wall time:        8    seconds
|  Total wall time:           8    seconds     0.00 hours
