
          -------------------------------------------------------
          Amber 16 PMEMD                              2016
          -------------------------------------------------------

| PMEMD implementation of SANDER, Release 16

| Run on 04/18/2018 at 15:04:59

|   Executable path: /cm/shared/apps/amber16_cuda/bin/pmemd.cuda
| Working directory: /shared2/work/wesley/Piezo/piezo_anton/Anton_HMR_Testing/charmm-gui_ARFwaterbox/peptide_water_HMR_AMBER_to_Anton_Test/standard
|          Hostname: node005

  [-O]verwriting output

File Assignments:
|   MDIN: step4.1_equilibration.mdin                                            
|  MDOUT: step4.1_equilibration.out                                             
| INPCRD: step4.0_equilibration.rst7                                            
|   PARM: step2_charmm2amber.parm7                                              
| RESTRT: step4.1_equilibration.rst7                                            
|   REFC: step4.0_equilibration.rst7                                            
|  MDVEL: mdvel                                                                 
|   MDEN: mden                                                                  
|  MDCRD: step4.1_equilibration.nc                                              
| MDINFO: mdinfo                                                                
|  MDFRC: mdfrc                                                                 


 Here is the input file:

A NVT simulation for common production-level simulations                       
 &cntrl                                                                        
    imin=0,        ! No minimization                                           
    irest=0,       ! This is NOT a restart of an old MD simulation             
    ntx=1,         ! So our inpcrd file has no velocities                      
                                                                               
    ! Temperature control                                                      
    ntt=3,         ! Langevin dynamics                                         
    gamma_ln=1.0,  ! Friction coefficient (ps^-1)                              
    tempi=310.15,   ! Initial temp -- give it some small random velocities     
    temp0=310.15,   ! Target temperature                                       
                                                                               
    ! Potential energy control                                                 
    cut=6.0,      ! Nonbonded cutoff, in Angstroms                             
    fswitch=5.0,  ! Force-based switching                                      
                                                                               
    ! MD settings                                                              
    nstlim=25000,  ! 25K steps, 25 ps total                                    
    dt=0.001,      ! time step (ps)                                            
                                                                               
    ! SHAKE                                                                    
    ntc=2,         ! Constrain bonds containing hydrogen                       
    ntf=2,         ! Do not calculate forces of bonds containing hydrogen      
                                                                               
    ! Control how often information is printed                                 
    ntpr=1000,     ! Print energies every 1000 steps                           
    ntwx=1000,     ! Print coordinates every 1000 steps to the trajectory      
    ntwr=10000,    ! Print a restart file every 10K steps (can be less frequent
!   ntwv=-1,       ! Uncomment to also print velocities to trajectory          
!   ntwf=-1,       ! Uncomment to also print forces to trajectory              
    ntxo=2,        ! Write NetCDF format                                       
    ioutfm=1,      ! Write NetCDF format (always do this!)                     
                                                                               
    ! Wrap coordinates when printing them to the same unit cell                
    iwrap=0,                                                                   
                                                                               
    ! Restraint options                                                        
    ntr=1,         ! Positional restraints for proteins, sugars, ligands, and l
    !nmropt=1,      ! Dihedral restraints for sugars and lipids                
                                                                               
    ! Set water atom/residue names for SETTLE recognition                      
    watnam='WAT',  ! Water residues are named WAT                              
    owtnm='O',     ! Water oxygens are named O                                 
 /                                                                             
                                                                               
 &ewald                                                                        
    vdwmeth = 0,                                                               
 /                                                                             
                                                                               
 &wt                                                                           
 	type='END'                                                                   
 /                                                                             
Protein posres                                                                 
5.0                                                                            
RES 1 3                                                                        
END                                                                            
END                                                                            
                                                                               


Note: ig = -1. Setting random seed to   473616 based on wallclock time in 
      microseconds.
 
|--------------------- INFORMATION ----------------------
| GPU (CUDA) Version of PMEMD in use: NVIDIA GPU IN USE.
|                    Version 16.0.0
| 
|                      02/25/2016
| 
| Implementation by:
|                    Ross C. Walker     (SDSC)
|                    Scott Le Grand     (nVIDIA)
| 
| Precision model in use:
|      [SPFP] - Single Precision Forces, 64-bit Fixed Point
|               Accumulation. (Default)
| 
|--------------------------------------------------------
 
|----------------- CITATION INFORMATION -----------------
|
|    When publishing work that utilized the CUDA version
|    of AMBER, please cite the following in addition to
|    the regular AMBER citations:
|
|  - Romelia Salomon-Ferrer; Andreas W. Goetz; Duncan
|    Poole; Scott Le Grand; Ross C. Walker "Routine
|    microsecond molecular dynamics simulations with
|    AMBER - Part II: Particle Mesh Ewald", J. Chem.
|    Theory Comput., 2013, 9 (9), pp3878-3888,
|    DOI: 10.1021/ct400314y.
|
|  - Andreas W. Goetz; Mark J. Williamson; Dong Xu;
|    Duncan Poole; Scott Le Grand; Ross C. Walker
|    "Routine microsecond molecular dynamics simulations
|    with AMBER - Part I: Generalized Born", J. Chem.
|    Theory Comput., 2012, 8 (5), pp1542-1555.
|
|  - Scott Le Grand; Andreas W. Goetz; Ross C. Walker
|    "SPFP: Speed without compromise - a mixed precision
|    model for GPU accelerated molecular dynamics
|    simulations.", Comp. Phys. Comm., 2013, 184
|    pp374-380, DOI: 10.1016/j.cpc.2012.09.022
|
|--------------------------------------------------------
 
|------------------- GPU DEVICE INFO --------------------
|
|            CUDA_VISIBLE_DEVICES: 0
|   CUDA Capable Devices Detected:      1
|           CUDA Device ID in use:      0
|                CUDA Device Name: GeForce GTX 980
|     CUDA Device Global Mem Size:   4095 MB
| CUDA Device Num Multiprocessors:     16
|           CUDA Device Core Freq:   1.22 GHz
|
|--------------------------------------------------------
 
 
| Conditional Compilation Defines Used:
| PUBFFT
| BINTRAJ
| CUDA
| EMIL

| Largest sphere to fit in unit cell has radius =    13.895

| New format PARM file being parsed.
| Version =    1.000 Date = 04/18/18 Time = 14:10:35
| Force field information read from topology file: 
|              >>>> CHARMM36 All-Hydrogen Parameter File for Proteins <<<<<<<<<<  
|      CHARMM: >>>>>>>>>>>> All-hydrogen parameters used in the <<<<<<<<<<<<<<<<  
|
|CHARMM: CHARMM force field in use. 
|
|CHARMM: CHARMM force field in use. 

| Note: 1-4 EEL scale factors are being read from the topology file.

| Note: 1-4 VDW scale factors are being read from the topology file.
| INFO: Off Diagonal (NBFIX) LJ terms found in prmtop file.
|       The prmtop file has been modified to support atom
|       type based pairwise Lennard-Jones terms.
| Duplicated    0 dihedrals

| Duplicated    0 dihedrals

--------------------------------------------------------------------------------
   1.  RESOURCE   USE: 
--------------------------------------------------------------------------------

 getting box info from netcdf restart file
 NATOM  =    1776 NTYPES =      18 NBONH =    1741 MBONA  =      32
 NTHETH =     642 MTHETA =      41 NPHIH =     112 MPHIA  =      63
 NHPARM =       0 NPARM  =       0 NNB   =    2616 NRES   =     575
 NBONA  =      32 NTHETA =      41 NPHIA =      63 NUMBND =      21
 NUMANG =      41 NPTRA  =      72 NATYP =       1 NPHB   =       0
 IFBOX  =       1 NMXRS  =      26 IFCAP =       0 NEXTRA =       0
 NCOPY  =       0

|CHARMM: Reticulating splines.

| Coordinate Index Table dimensions:     8    7    7
| Direct force subcell size =     3.5137    3.9700    3.9871

     BOX TYPE: RECTILINEAR

--------------------------------------------------------------------------------
   2.  CONTROL  DATA  FOR  THE  RUN
--------------------------------------------------------------------------------

                                                                                

General flags:
     imin    =       0, nmropt  =       0

Nature and format of input:
     ntx     =       1, irest   =       0, ntrx    =       1

Nature and format of output:
     ntxo    =       2, ntpr    =    1000, ntrx    =       1, ntwr    =   10000
     iwrap   =       0, ntwx    =    1000, ntwv    =       0, ntwe    =       0
     ioutfm  =       1, ntwprt  =       0, idecomp =       0, rbornstat=      0

Potential function:
     ntf     =       2, ntb     =       1, igb     =       0, nsnb    =      25
     ipol    =       0, gbsa    =       0, iesp    =       0
     dielc   =   1.00000, cut     =   6.00000, intdiel =   1.00000

Frozen or restrained atoms:
     ibelly  =       0, ntr     =       1
     restraint_wt =   0.00000

Molecular dynamics:
     nstlim  =     25000, nscm    =         0, nrespa  =         1
     t       =   0.00000, dt      =   0.00100, vlimit  =  -1.00000

Langevin dynamics temperature regulation:
     ig      =  473616
     temp0   = 310.15000, tempi   = 310.15000, gamma_ln=   1.00000

SHAKE:
     ntc     =       2, jfastw  =       0
     tol     =   0.00001

| Intermolecular bonds treatment:
|     no_intermolecular_bonds =       1

| Energy averages sample interval:
|     ene_avg_sampling =    1000

Ewald parameters:
     verbose =       0, ew_type =       0, nbflag  =       1, use_pme =       1
     vdwmeth =       0, eedmeth =       1, netfrc  =       1
     Box X =   28.110   Box Y =   27.790   Box Z =   27.910
     Alpha =   90.000   Beta  =   90.000   Gamma =   90.000
     NFFT1 =   32       NFFT2 =   28       NFFT3 =   28
     Cutoff=    6.000   Tol   =0.100E-04
     Ewald Coefficient =  0.47291
     Interpolation order =    4

    LOADING THE CONSTRAINED ATOMS AS GROUPS


   5.  REFERENCE ATOM COORDINATES

                                                                                  
    ----- READING GROUP     1; TITLE:
 Protein posres                                                              

     GROUP    1 HAS HARMONIC CONSTRAINTS     5.00000
 GRP    1 RES    1 TO     3
      Number of atoms in this group  =    66
    ----- END OF GROUP READ -----

--------------------------------------------------------------------------------
   3.  ATOMIC COORDINATES AND VELOCITIES
--------------------------------------------------------------------------------

                                                                                
 begin time read from input coords =    25.000 ps

 
 Number of triangulated 3-point waters found:      569

     Sum of charges from parm topology file =   0.00000000
     Forcing neutrality...

| Dynamic Memory, Types Used:
| Reals              162873
| Integers            47336

| Nonbonded Pairs Initial Allocation:      142390

| GPU memory information (estimate):
| KB of GPU memory in use:      9547
| KB of CPU memory in use:      2659

--------------------------------------------------------------------------------
   4.  RESULTS
--------------------------------------------------------------------------------

 ---------------------------------------------------
 APPROXIMATING switch and d/dx switch using CUBIC SPLINE INTERPOLATION
 using   5000.0 points per unit in tabled values
 TESTING RELATIVE ERROR over r ranging from 0.0 to cutoff
| CHECK switch(x): max rel err =   0.2738E-14   at   2.422500
| CHECK d/dx switch(x): max rel err =   0.8465E-11   at   2.832440
 ---------------------------------------------------
|---------------------------------------------------
| APPROXIMATING direct energy using CUBIC SPLINE INTERPOLATION
|  with   50.0 points per unit in tabled values
| Relative Error Limit not exceeded for r .gt.   2.92
| APPROXIMATING direct force using CUBIC SPLINE INTERPOLATION
|  with   50.0 points per unit in tabled values
| Relative Error Limit not exceeded for r .gt.   3.28
|---------------------------------------------------

 NSTEP =        0   TIME(PS) =       0.000  TEMP(K) =   465.99  PRESS =     0.0
 Etot   =     -3844.3949  EKtot   =      1660.8091  EPtot      =     -5505.2040
 BOND   =        14.6848  ANGLE   =        27.7259  DIHED      =        30.6578
 UB     =         4.0051  IMP     =         1.9449  CMAP       =        -2.1312
 1-4 NB =        16.7589  1-4 EEL =      -245.4169  VDWAALS    =       744.5223
 EELEC  =     -6097.9558  EHBOND  =         0.0000  RESTRAINT  =         0.0000
 ------------------------------------------------------------------------------


 NSTEP =     1000   TIME(PS) =       1.000  TEMP(K) =   308.13  PRESS =     0.0
 Etot   =     -4335.3776  EKtot   =      1098.1844  EPtot      =     -5433.5621
 BOND   =        15.1911  ANGLE   =        24.9582  DIHED      =        29.2709
 UB     =         3.7260  IMP     =         1.3185  CMAP       =        -2.2816
 1-4 NB =        14.5061  1-4 EEL =      -249.0581  VDWAALS    =       767.5971
 EELEC  =     -6052.2714  EHBOND  =         0.0000  RESTRAINT  =        13.4811
 EAMBER (non-restraint)  =     -5447.0432
 ------------------------------------------------------------------------------


 NSTEP =     2000   TIME(PS) =       2.000  TEMP(K) =   307.64  PRESS =     0.0
 Etot   =     -4339.4911  EKtot   =      1096.4203  EPtot      =     -5435.9114
 BOND   =        15.0965  ANGLE   =        30.6885  DIHED      =        30.4959
 UB     =         4.5039  IMP     =         1.4212  CMAP       =        -0.6232
 1-4 NB =        14.7326  1-4 EEL =      -246.5161  VDWAALS    =       713.2655
 EELEC  =     -6022.4978  EHBOND  =         0.0000  RESTRAINT  =        23.5215
 EAMBER (non-restraint)  =     -5459.4329
 ------------------------------------------------------------------------------


 NSTEP =     3000   TIME(PS) =       3.000  TEMP(K) =   304.26  PRESS =     0.0
 Etot   =     -4291.6746  EKtot   =      1084.3828  EPtot      =     -5376.0574
 BOND   =        17.2339  ANGLE   =        36.0857  DIHED      =        31.2721
 UB     =         2.9607  IMP     =         0.9577  CMAP       =        -3.7230
 1-4 NB =        15.3694  1-4 EEL =      -257.2668  VDWAALS    =       767.8873
 EELEC  =     -6004.6194  EHBOND  =         0.0000  RESTRAINT  =        17.7851
 EAMBER (non-restraint)  =     -5393.8424
 ------------------------------------------------------------------------------


 NSTEP =     4000   TIME(PS) =       4.000  TEMP(K) =   301.44  PRESS =     0.0
 Etot   =     -4313.0401  EKtot   =      1074.3239  EPtot      =     -5387.3639
 BOND   =        13.3507  ANGLE   =        20.3350  DIHED      =        31.6879
 UB     =         1.5006  IMP     =         1.3431  CMAP       =        -2.3394
 1-4 NB =        13.3979  1-4 EEL =      -238.5742  VDWAALS    =       736.5260
 EELEC  =     -5984.4574  EHBOND  =         0.0000  RESTRAINT  =        19.8660
 EAMBER (non-restraint)  =     -5407.2299
 ------------------------------------------------------------------------------


 NSTEP =     5000   TIME(PS) =       5.000  TEMP(K) =   307.29  PRESS =     0.0
 Etot   =     -4344.0201  EKtot   =      1095.1797  EPtot      =     -5439.1998
 BOND   =        16.9680  ANGLE   =        23.2686  DIHED      =        29.7854
 UB     =         3.5418  IMP     =         0.5141  CMAP       =        -0.8647
 1-4 NB =        13.6712  1-4 EEL =      -231.0171  VDWAALS    =       753.0965
 EELEC  =     -6063.6606  EHBOND  =         0.0000  RESTRAINT  =        15.4971
 EAMBER (non-restraint)  =     -5454.6968
 ------------------------------------------------------------------------------


 NSTEP =     6000   TIME(PS) =       6.000  TEMP(K) =   303.03  PRESS =     0.0
 Etot   =     -4283.3520  EKtot   =      1079.9916  EPtot      =     -5363.3436
 BOND   =        16.9639  ANGLE   =        30.8308  DIHED      =        33.6435
 UB     =         4.1694  IMP     =         3.3060  CMAP       =        -3.1812
 1-4 NB =        14.3210  1-4 EEL =      -252.9569  VDWAALS    =       669.9922
 EELEC  =     -5894.5824  EHBOND  =         0.0000  RESTRAINT  =        14.1502
 EAMBER (non-restraint)  =     -5377.4938
 ------------------------------------------------------------------------------


 NSTEP =     7000   TIME(PS) =       7.000  TEMP(K) =   304.13  PRESS =     0.0
 Etot   =     -4312.8196  EKtot   =      1083.9159  EPtot      =     -5396.7355
 BOND   =        17.7944  ANGLE   =        31.3757  DIHED      =        31.7767
 UB     =         3.4029  IMP     =         1.8482  CMAP       =        -2.7645
 1-4 NB =        15.6866  1-4 EEL =      -243.5619  VDWAALS    =       726.6844
 EELEC  =     -5993.1689  EHBOND  =         0.0000  RESTRAINT  =        14.1908
 EAMBER (non-restraint)  =     -5410.9263
 ------------------------------------------------------------------------------


 NSTEP =     8000   TIME(PS) =       8.000  TEMP(K) =   303.73  PRESS =     0.0
 Etot   =     -4324.2245  EKtot   =      1082.4924  EPtot      =     -5406.7169
 BOND   =        13.0652  ANGLE   =        35.1702  DIHED      =        33.9182
 UB     =         4.0018  IMP     =         1.0342  CMAP       =        -3.1285
 1-4 NB =        12.4754  1-4 EEL =      -254.9403  VDWAALS    =       769.3597
 EELEC  =     -6031.1554  EHBOND  =         0.0000  RESTRAINT  =        13.4826
 EAMBER (non-restraint)  =     -5420.1995
 ------------------------------------------------------------------------------


 NSTEP =     9000   TIME(PS) =       9.000  TEMP(K) =   312.67  PRESS =     0.0
 Etot   =     -4268.2105  EKtot   =      1114.3486  EPtot      =     -5382.5592
 BOND   =        22.4239  ANGLE   =        27.5699  DIHED      =        33.6915
 UB     =         3.8222  IMP     =         0.8161  CMAP       =        -3.2756
 1-4 NB =        15.5050  1-4 EEL =      -242.8247  VDWAALS    =       790.5990
 EELEC  =     -6047.5514  EHBOND  =         0.0000  RESTRAINT  =        16.6648
 EAMBER (non-restraint)  =     -5399.2239
 ------------------------------------------------------------------------------


 NSTEP =    10000   TIME(PS) =      10.000  TEMP(K) =   322.15  PRESS =     0.0
 Etot   =     -4207.0759  EKtot   =      1148.1490  EPtot      =     -5355.2249
 BOND   =        10.9695  ANGLE   =        28.6465  DIHED      =        34.8486
 UB     =         2.8038  IMP     =         2.1622  CMAP       =        -3.1664
 1-4 NB =        14.2054  1-4 EEL =      -237.3066  VDWAALS    =       743.3762
 EELEC  =     -5965.8533  EHBOND  =         0.0000  RESTRAINT  =        14.0891
 EAMBER (non-restraint)  =     -5369.3140
 ------------------------------------------------------------------------------


 NSTEP =    11000   TIME(PS) =      11.000  TEMP(K) =   319.20  PRESS =     0.0
 Etot   =     -4233.7342  EKtot   =      1137.6392  EPtot      =     -5371.3734
 BOND   =        18.7955  ANGLE   =        26.9352  DIHED      =        32.2506
 UB     =         3.8242  IMP     =         1.8492  CMAP       =        -2.0442
 1-4 NB =        13.4580  1-4 EEL =      -237.5492  VDWAALS    =       794.0365
 EELEC  =     -6040.4151  EHBOND  =         0.0000  RESTRAINT  =        17.4858
 EAMBER (non-restraint)  =     -5388.8592
 ------------------------------------------------------------------------------


 NSTEP =    12000   TIME(PS) =      12.000  TEMP(K) =   313.47  PRESS =     0.0
 Etot   =     -4315.7350  EKtot   =      1117.2302  EPtot      =     -5432.9652
 BOND   =        14.9137  ANGLE   =        25.2475  DIHED      =        36.6785
 UB     =         2.7911  IMP     =         2.8038  CMAP       =        -1.9913
 1-4 NB =        14.9886  1-4 EEL =      -237.0981  VDWAALS    =       736.3980
 EELEC  =     -6041.9720  EHBOND  =         0.0000  RESTRAINT  =        14.2749
 EAMBER (non-restraint)  =     -5447.2401
 ------------------------------------------------------------------------------


 NSTEP =    13000   TIME(PS) =      13.000  TEMP(K) =   315.91  PRESS =     0.0
 Etot   =     -4330.0027  EKtot   =      1125.9270  EPtot      =     -5455.9297
 BOND   =        19.8077  ANGLE   =        29.8169  DIHED      =        33.1550
 UB     =         3.2800  IMP     =         1.5587  CMAP       =        -3.0902
 1-4 NB =        13.1927  1-4 EEL =      -246.5558  VDWAALS    =       706.2739
 EELEC  =     -6032.8924  EHBOND  =         0.0000  RESTRAINT  =        19.5238
 EAMBER (non-restraint)  =     -5475.4535
 ------------------------------------------------------------------------------


 NSTEP =    14000   TIME(PS) =      14.000  TEMP(K) =   319.21  PRESS =     0.0
 Etot   =     -4292.2393  EKtot   =      1137.6617  EPtot      =     -5429.9010
 BOND   =        23.9309  ANGLE   =        26.2158  DIHED      =        32.3484
 UB     =         3.9702  IMP     =         2.3807  CMAP       =        -3.5332
 1-4 NB =        12.3116  1-4 EEL =      -249.5576  VDWAALS    =       737.8514
 EELEC  =     -6031.1250  EHBOND  =         0.0000  RESTRAINT  =        15.3059
 EAMBER (non-restraint)  =     -5445.2069
 ------------------------------------------------------------------------------


 NSTEP =    15000   TIME(PS) =      15.000  TEMP(K) =   313.83  PRESS =     0.0
 Etot   =     -4311.5636  EKtot   =      1118.4911  EPtot      =     -5430.0547
 BOND   =        17.0155  ANGLE   =        26.2858  DIHED      =        31.7274
 UB     =         3.1454  IMP     =         1.7123  CMAP       =        -3.6102
 1-4 NB =        14.7290  1-4 EEL =      -248.8676  VDWAALS    =       799.7781
 EELEC  =     -6087.1971  EHBOND  =         0.0000  RESTRAINT  =        15.2266
 EAMBER (non-restraint)  =     -5445.2813
 ------------------------------------------------------------------------------


 NSTEP =    16000   TIME(PS) =      16.000  TEMP(K) =   321.59  PRESS =     0.0
 Etot   =     -4293.9354  EKtot   =      1146.1567  EPtot      =     -5440.0922
 BOND   =        12.5755  ANGLE   =        32.1780  DIHED      =        32.3385
 UB     =         2.5657  IMP     =         4.3594  CMAP       =        -2.4053
 1-4 NB =        14.8161  1-4 EEL =      -243.0608  VDWAALS    =       752.6324
 EELEC  =     -6063.6015  EHBOND  =         0.0000  RESTRAINT  =        17.5098
 EAMBER (non-restraint)  =     -5457.6020
 ------------------------------------------------------------------------------


 NSTEP =    17000   TIME(PS) =      17.000  TEMP(K) =   317.38  PRESS =     0.0
 Etot   =     -4275.8898  EKtot   =      1131.1482  EPtot      =     -5407.0380
 BOND   =        12.8666  ANGLE   =        28.4209  DIHED      =        31.1532
 UB     =         4.2846  IMP     =         0.9127  CMAP       =        -3.5602
 1-4 NB =        16.6243  1-4 EEL =      -236.3420  VDWAALS    =       771.8552
 EELEC  =     -6045.4192  EHBOND  =         0.0000  RESTRAINT  =        12.1657
 EAMBER (non-restraint)  =     -5419.2038
 ------------------------------------------------------------------------------


 NSTEP =    18000   TIME(PS) =      18.000  TEMP(K) =   315.54  PRESS =     0.0
 Etot   =     -4266.9864  EKtot   =      1124.5809  EPtot      =     -5391.5673
 BOND   =        12.4028  ANGLE   =        29.5609  DIHED      =        31.6274
 UB     =         2.9170  IMP     =         1.1275  CMAP       =        -1.9614
 1-4 NB =        15.6505  1-4 EEL =      -240.9269  VDWAALS    =       771.3569
 EELEC  =     -6031.8554  EHBOND  =         0.0000  RESTRAINT  =        18.5333
 EAMBER (non-restraint)  =     -5410.1006
 ------------------------------------------------------------------------------


 NSTEP =    19000   TIME(PS) =      19.000  TEMP(K) =   320.35  PRESS =     0.0
 Etot   =     -4276.9933  EKtot   =      1141.7395  EPtot      =     -5418.7328
 BOND   =        15.8621  ANGLE   =        23.1609  DIHED      =        29.1785
 UB     =         2.9060  IMP     =         2.4034  CMAP       =        -0.4557
 1-4 NB =        14.3652  1-4 EEL =      -238.0284  VDWAALS    =       772.1062
 EELEC  =     -6059.5247  EHBOND  =         0.0000  RESTRAINT  =        19.2937
 EAMBER (non-restraint)  =     -5438.0265
 ------------------------------------------------------------------------------


 NSTEP =    20000   TIME(PS) =      20.000  TEMP(K) =   315.73  PRESS =     0.0
 Etot   =     -4319.1284  EKtot   =      1125.2551  EPtot      =     -5444.3835
 BOND   =        18.8137  ANGLE   =        31.9442  DIHED      =        31.8048
 UB     =         3.1566  IMP     =         1.1478  CMAP       =        -3.2738
 1-4 NB =        14.0517  1-4 EEL =      -239.2972  VDWAALS    =       783.3828
 EELEC  =     -6106.2864  EHBOND  =         0.0000  RESTRAINT  =        20.1723
 EAMBER (non-restraint)  =     -5464.5558
 ------------------------------------------------------------------------------


 NSTEP =    21000   TIME(PS) =      21.000  TEMP(K) =   309.52  PRESS =     0.0
 Etot   =     -4313.9760  EKtot   =      1103.1520  EPtot      =     -5417.1280
 BOND   =        15.2692  ANGLE   =        25.2222  DIHED      =        34.2261
 UB     =         3.8088  IMP     =         1.3842  CMAP       =        -0.8672
 1-4 NB =        17.7753  1-4 EEL =      -245.1528  VDWAALS    =       750.3252
 EELEC  =     -6031.4431  EHBOND  =         0.0000  RESTRAINT  =        12.3241
 EAMBER (non-restraint)  =     -5429.4521
 ------------------------------------------------------------------------------


 NSTEP =    22000   TIME(PS) =      22.000  TEMP(K) =   318.75  PRESS =     0.0
 Etot   =     -4298.2905  EKtot   =      1136.0382  EPtot      =     -5434.3287
 BOND   =        12.9547  ANGLE   =        24.5517  DIHED      =        32.3038
 UB     =         3.2611  IMP     =         1.1318  CMAP       =        -2.5503
 1-4 NB =        12.2594  1-4 EEL =      -237.7246  VDWAALS    =       776.2488
 EELEC  =     -6071.6049  EHBOND  =         0.0000  RESTRAINT  =        14.8399
 EAMBER (non-restraint)  =     -5449.1687
 ------------------------------------------------------------------------------


 NSTEP =    23000   TIME(PS) =      23.000  TEMP(K) =   308.85  PRESS =     0.0
 Etot   =     -4321.5281  EKtot   =      1100.7657  EPtot      =     -5422.2938
 BOND   =        16.9243  ANGLE   =        22.7039  DIHED      =        32.0087
 UB     =         2.3954  IMP     =         2.3509  CMAP       =        -2.8529
 1-4 NB =        13.6638  1-4 EEL =      -239.6295  VDWAALS    =       711.9726
 EELEC  =     -5997.0146  EHBOND  =         0.0000  RESTRAINT  =        15.1836
 EAMBER (non-restraint)  =     -5437.4774
 ------------------------------------------------------------------------------


 NSTEP =    24000   TIME(PS) =      24.000  TEMP(K) =   305.95  PRESS =     0.0
 Etot   =     -4328.6023  EKtot   =      1090.4189  EPtot      =     -5419.0213
 BOND   =        13.7947  ANGLE   =        28.4056  DIHED      =        30.1657
 UB     =         2.3406  IMP     =         4.2965  CMAP       =        -3.3652
 1-4 NB =        15.5829  1-4 EEL =      -236.3793  VDWAALS    =       768.3550
 EELEC  =     -6058.0235  EHBOND  =         0.0000  RESTRAINT  =        15.8059
 EAMBER (non-restraint)  =     -5434.8272
 ------------------------------------------------------------------------------


 NSTEP =    25000   TIME(PS) =      25.000  TEMP(K) =   313.89  PRESS =     0.0
 Etot   =     -4290.9786  EKtot   =      1118.7305  EPtot      =     -5409.7091
 BOND   =        18.9391  ANGLE   =        33.5195  DIHED      =        32.0026
 UB     =         3.0128  IMP     =         1.4963  CMAP       =        -3.0929
 1-4 NB =        15.1000  1-4 EEL =      -250.7124  VDWAALS    =       769.5371
 EELEC  =     -6044.9708  EHBOND  =         0.0000  RESTRAINT  =        15.4597
 EAMBER (non-restraint)  =     -5425.1688
 ------------------------------------------------------------------------------


      A V E R A G E S   O V E R      25 S T E P S


 NSTEP =    25000   TIME(PS) =      25.000  TEMP(K) =   312.14  PRESS =     0.0
 Etot   =     -4299.5548  EKtot   =      1112.4929  EPtot      =     -5412.0477
 BOND   =        16.1569  ANGLE   =        28.1239  DIHED      =        32.1344
 UB     =         3.2837  IMP     =         1.8255  CMAP       =        -2.5601
 1-4 NB =        14.4976  1-4 EEL =      -243.2362  VDWAALS    =       753.6198
 EELEC  =     -6032.1265  EHBOND  =         0.0000  RESTRAINT  =        16.2333
 EAMBER (non-restraint)  =     -5428.2811
 ------------------------------------------------------------------------------


      R M S  F L U C T U A T I O N S


 NSTEP =    25000   TIME(PS) =      25.000  TEMP(K) =     6.28  PRESS =     0.0
 Etot   =        31.9714  EKtot   =        22.3726  EPtot      =        26.8855
 BOND   =         3.1220  ANGLE   =         3.9471  DIHED      =         1.7095
 UB     =         0.6851  IMP     =         0.9824  CMAP       =         0.9562
 1-4 NB =         1.2862  1-4 EEL =         6.5656  VDWAALS    =        30.2745
 EELEC  =        41.8733  EHBOND  =         0.0000  RESTRAINT  =         2.7075
 EAMBER (non-restraint)  =        24.1781
 ------------------------------------------------------------------------------

--------------------------------------------------------------------------------
   5.  TIMINGS
--------------------------------------------------------------------------------

|  NonSetup CPU Time in Major Routines:
|
|     Routine           Sec        %
|     ------------------------------
|     Nonbond           3.95   53.83
|     Bond              0.00    0.00
|     Angle             0.00    0.00
|     Dihedral          0.00    0.00
|     Shake             0.26    3.54
|     RunMD             3.11   42.41
|     Other             0.02    0.22
|     ------------------------------
|     Total             7.34

|  PME Nonbond Pairlist CPU Time:
|
|     Routine              Sec        %
|     ---------------------------------
|     Set Up Cit           0.00    0.00
|     Build List           0.00    0.00
|     ---------------------------------
|     Total                0.00    0.00

|  PME Direct Force CPU Time:
|
|     Routine              Sec        %
|     ---------------------------------
|     NonBonded Calc       0.00    0.00
|     Exclude Masked       0.00    0.00
|     Other                0.01    0.10
|     ---------------------------------
|     Total                0.01    0.10

|  PME Reciprocal Force CPU Time:
|
|     Routine              Sec        %
|     ---------------------------------
|     1D bspline           0.00    0.00
|     Grid Charges         0.00    0.00
|     Scalar Sum           0.00    0.00
|     Gradient Sum         0.00    0.00
|     FFT                  0.00    0.00
|     ---------------------------------
|     Total                0.00    0.00

|  Final Performance Info:
|     -----------------------------------------------------
|     Average timings for last   25000 steps:
|     Elapsed(s) =       7.35 Per Step(ms) =       0.29
|         ns/day =     293.84   seconds/ns =     294.04
|
|     Average timings for all steps:
|     Elapsed(s) =       7.35 Per Step(ms) =       0.29
|         ns/day =     293.84   seconds/ns =     294.04
|     -----------------------------------------------------

|  Setup CPU time:            0.70 seconds
|  NonSetup CPU time:         7.34 seconds
|  Total CPU time:            8.05 seconds     0.00 hours

|  Setup wall time:           1    seconds
|  NonSetup wall time:        8    seconds
|  Total wall time:           9    seconds     0.00 hours
