UserWarning: No charge for WEI3
ParameterWarning: Replacing residue 'ETHA'
ParameterWarning: Replacing residue 'FETH'
ParameterWarning: Replacing residue 'DFET'
ParameterWarning: Replacing residue 'TFET'
ParameterWarning: Replacing residue 'TFE'
ParameterWarning: Replacing residue 'CO2'
ParameterWarning: Replacing residue 'MES1'
ParameterWarning: Replacing residue 'THFI'
ParameterWarning: Replacing residue 'THMI'
ParameterWarning: Replacing residue 'THFA'
ParameterWarning: Replacing residue 'THAO'
ParameterWarning: Replacing residue 'RNUS'
ParameterWarning: Replacing residue 'NUCL'
ParameterWarning: Replacing residue 'PPH1'
ParameterWarning: Replacing residue 'BMPH'
ParameterWarning: Replacing residue 'BMPD'
ParameterWarning: Replacing residue 'BDFP'
ParameterWarning: Replacing residue 'BDFD'
ParameterWarning: Replacing residue 'EP_2'
ParameterWarning: Replacing residue 'IP_2'
ParameterWarning: Replacing residue 'BTE2'
ParameterWarning: Replacing residue '13DB'
ParameterWarning: Replacing residue '13DP'
ParameterWarning: Replacing residue 'DMB1'
ParameterWarning: Replacing residue 'DMP1'
ParameterWarning: Replacing residue 'DMP2'
ParameterWarning: Replacing residue 'CROT'
ParameterWarning: Replacing residue 'PACP'
ParameterWarning: Replacing residue 'MECH'
ParameterWarning: Replacing residue 'TMCH'
ParameterWarning: Replacing residue 'FRET'
ParameterWarning: Replacing residue 'RTOL'
ParameterWarning: Replacing residue 'RTAL'
ParameterWarning: Replacing residue 'RTAC'
ParameterWarning: Replacing residue 'PRAC'
ParameterWarning: Replacing residue 'PROL'
ParameterWarning: Replacing residue 'PRAL'
ParameterWarning: Replacing residue 'SCH1'
ParameterWarning: Replacing residue 'SCH2'
ParameterWarning: Replacing residue 'SCH3'
ParameterWarning: Replacing residue 'NIC'
ParameterWarning: Replacing residue 'NICH'
ParameterWarning: Replacing residue 'PPI1'
ParameterWarning: Replacing residue 'PPI2'
ParameterWarning: Replacing residue 'AMP'
ParameterWarning: Replacing residue 'ADP'
ParameterWarning: Replacing residue 'ATP'
ParameterWarninCreating chamber topology file from PSF standard/step2_charmm2amber.psf, RTF files [toppar/top_all36_prot.rtf, toppar/top_all36_na.rtf, toppar/top_all36_carb.rtf, toppar/top_all36_lipid.rtf, toppar/top_all36_cgenff.rtf], PAR files [toppar/par_all36m_prot.prm, toppar/par_all36_na.prm, toppar/par_all36_carb.prm, toppar/par_all36_lipid.prm, toppar/par_all36_cgenff.prm], and STR files [toppar/toppar_water_ions.str, toppar/toppar_dum_noble_gases.str, toppar/toppar_all36_prot_d_aminoacids.str, toppar/toppar_all36_prot_fluoro_alkanes.str, toppar/toppar_all36_prot_heme.str, toppar/toppar_all36_prot_na_combined.str, toppar/toppar_all36_prot_retinol.str, toppar/toppar_all36_na_nad_ppi.str, toppar/toppar_all36_na_rna_modified.str, toppar/toppar_all36_lipid_bacterial.str, toppar/toppar_all36_lipid_cardiolipin.str, toppar/toppar_all36_lipid_cholesterol.str, toppar/toppar_all36_lipid_inositol.str, toppar/toppar_all36_lipid_lps.str, toppar/toppar_all36_lipid_miscellaneous.str, toppar/toppar_all36_lipid_model.str, toppar/toppar_all36_lipid_prot.str, toppar/toppar_all36_lipid_pyrophosphate.str, toppar/toppar_all36_lipid_sphingo.str, toppar/toppar_all36_lipid_yeast.str, toppar/toppar_all36_lipid_hmmm.str, toppar/toppar_all36_lipid_detergent.str, toppar/toppar_all36_carb_glycolipid.str, toppar/toppar_all36_carb_glycopeptide.str, toppar/toppar_all36_carb_imlab.str]. Coords from standard/step2_charmm2amber.crd. Using CMAP. Box info [28.11, 27.79, 27.91, 90.0, 90.0, 90.0]. GB Radius set mbondi.
Outputting Amber topology file standard/step2_charmm2amber.parm7 and restart standard/step2_charmm2amber.rst7
Done!
 CCTT
UserWarning: No charge for CDTT
ParameterWarning: Replacing angle ('CG331', 'CG2D1', 'CG331'), <AngleType; k=55.000, theteq=119.000> with <AngleType; k=48.000, theteq=123.500>
ParameterWarning: Replacing dihedral <DihedralType; phi_k=0.900, per=1, phase=180.000,  scee=1.000, scnb=1.000> with <DihedralType; phi_k=0.140, per=1, phase=180.000,  scee=1.000, scnb=1.000>
ParameterWarning: Replacing dihedral <DihedralType; phi_k=0.300, per=3, phase=180.000,  scee=1.000, scnb=1.000> with <DihedralType; phi_k=0.050, per=3, phase=180.000,  scee=1.000, scnb=1.000>
ParameterWarning: Replacing dihedral <DihedralType; phi_k=0.160, per=3, phase=0.000,  scee=1.000, scnb=1.000> with <DihedralType; phi_k=0.300, per=3, phase=0.000,  scee=1.000, scnb=1.000>
ParameterWarning: Replacing angle ('CC3153', 'CC321', 'OC30P'), <AngleType; k=75.700, theteq=110.100> with <AngleType; k=75.700, theteq=107.500>
ParameterWarning: Replacing dihedral <DihedralType; phi_k=0.100, per=3, phase=0.000,  scee=1.000, scnb=1.000> with <DihedralType; phi_k=0.330, per=3, phase=0.000,  scee=1.000, scnb=1.000>
ParameterWarning: Replacing dihedral <DihedralType; phi_k=0.000, per=3, phase=0.000,  scee=1.000, scnb=1.000> with <DihedralType; phi_k=0.284, per=3, phase=0.000,  scee=1.000, scnb=1.000>
ParameterWarning: Replacing dihedral <DihedralType; phi_k=0.050, per=3, phase=0.000,  scee=1.000, scnb=1.000> with <DihedralType; phi_k=0.020, per=3, phase=180.000,  scee=1.000, scnb=1.000>
ParameterWarning: Replacing dihedral <DihedralType; phi_k=0.800, per=3, phase=180.000,  scee=1.000, scnb=1.000> with <DihedralType; phi_k=0.430, per=3, phase=0.000,  scee=1.000, scnb=1.000>
ParameterWarning: Replacing dihedral <DihedralType; phi_k=3.400, per=1, phase=180.000,  scee=1.000, scnb=1.000> with <DihedralType; phi_k=0.060, per=1, phase=0.000,  scee=1.000, scnb=1.000>
CharmmWarning: Detected PSF molecule section that is WRONG. Resetting molecularity.
